#
# There is insufficient memory for the Java Runtime Environment to continue.
# Native memory allocation (malloc) failed to allocate 32744 bytes for ChunkPool::allocate
# Possible reasons:
#   The system is out of physical RAM or swap space
#   In 32 bit mode, the process size limit was hit
# Possible solutions:
#   Reduce memory load on the system
#   Increase physical memory or swap space
#   Check if swap backing store is full
#   Use 64 bit Java on a 64 bit OS
#   Decrease Java heap size (-Xmx/-Xms)
#   Decrease number of Java threads
#   Decrease Java thread stack sizes (-Xss)
#   Set larger code cache with -XX:ReservedCodeCacheSize=
# This output file may be truncated or incomplete.
#
#  Out of Memory Error (allocation.cpp:273), pid=4404, tid=0x00000000000006e0
#
# JRE version: Java(TM) SE Runtime Environment (8.0_181-b13) (build 1.8.0_181-b13)
# Java VM: Java HotSpot(TM) 64-Bit Server VM (25.181-b13 mixed mode windows-amd64 compressed oops)
# Failed to write core dump. Minidumps are not enabled by default on client versions of Windows
#

---------------  T H R E A D  ---------------

Current thread (0x0000000013786800):  JavaThread "C2 CompilerThread1" daemon [_thread_in_native, id=1760, stack(0x0000000014f00000,0x0000000015000000)]

Stack: [0x0000000014f00000,0x0000000015000000]
[error occurred during error reporting (printing stack bounds), id 0xc0000005]

Native frames: (J=compiled Java code, j=interpreted, Vv=VM code, C=native code)


Current CompileTask:
C2:  14428 1434   !   4       java.net.URLClassLoader$1::run (63 bytes)


---------------  P R O C E S S  ---------------

Java Threads: ( => current thread )
  0x0000000016940000 JavaThread "File lock request listener" [_thread_new, id=6748, stack(0x0000000000000000,0x0000000000000000)]
  0x0000000016941800 JavaThread "Cache worker for file hash cache (C:\Users\encal\.gradle\caches\5.6\fileHashes)" [_thread_blocked, id=9568, stack(0x0000000018380000,0x0000000018480000)]
  0x0000000016767000 JavaThread "Thread-9" [_thread_blocked, id=4872, stack(0x0000000018080000,0x0000000018180000)]
  0x000000001674d800 JavaThread "Stdin handler" [_thread_blocked, id=12428, stack(0x0000000017f80000,0x0000000018080000)]
  0x000000001674d000 JavaThread "Asynchronous log dispatcher for DefaultDaemonConnection: socket connection from /127.0.0.1:51821 to /127.0.0.1:51823" [_thread_blocked, id=11100, stack(0x0000000017e80000,0x0000000017f80000)]
  0x000000001674a800 JavaThread "Daemon worker" [_thread_in_native, id=15288, stack(0x0000000017d80000,0x0000000017e80000)]
  0x0000000016747800 JavaThread "Cancel handler" [_thread_blocked, id=14752, stack(0x0000000017c80000,0x0000000017d80000)]
  0x0000000016411000 JavaThread "Handler for socket connection from /127.0.0.1:51821 to /127.0.0.1:51823" [_thread_in_native, id=11040, stack(0x0000000017980000,0x0000000017a80000)]
  0x0000000016410000 JavaThread "Daemon" [_thread_blocked, id=1608, stack(0x0000000017880000,0x0000000017980000)]
  0x0000000015a99000 JavaThread "Daemon periodic checks" [_thread_blocked, id=11400, stack(0x0000000017780000,0x0000000017880000)]
  0x0000000015d54800 JavaThread "Incoming local TCP Connector on port 51821" [_thread_in_native, id=14312, stack(0x0000000017510000,0x0000000017610000)]
  0x00000000160cd800 JavaThread "Daemon health stats" [_thread_blocked, id=7352, stack(0x0000000016ed0000,0x0000000016fd0000)]
  0x00000000137d4000 JavaThread "Service Thread" daemon [_thread_blocked, id=14504, stack(0x0000000015100000,0x0000000015200000)]
  0x000000001378b800 JavaThread "C1 CompilerThread2" daemon [_thread_blocked, id=6284, stack(0x0000000015000000,0x0000000015100000)]
=>0x0000000013786800 JavaThread "C2 CompilerThread1" daemon [_thread_in_native, id=1760, stack(0x0000000014f00000,0x0000000015000000)]
  0x000000001377f800 JavaThread "C2 CompilerThread0" daemon [_thread_in_native, id=14812, stack(0x0000000014e00000,0x0000000014f00000)]
  0x000000001377b800 JavaThread "Attach Listener" daemon [_thread_blocked, id=8908, stack(0x0000000014d00000,0x0000000014e00000)]
  0x000000001377a000 JavaThread "Signal Dispatcher" daemon [_thread_blocked, id=5468, stack(0x0000000014c00000,0x0000000014d00000)]
  0x000000000235d000 JavaThread "Finalizer" daemon [_thread_blocked, id=6768, stack(0x00000000149e0000,0x0000000014ae0000)]
  0x0000000002352000 JavaThread "Reference Handler" daemon [_thread_blocked, id=11968, stack(0x00000000148e0000,0x00000000149e0000)]
  0x00000000021ce800 JavaThread "main" [_thread_blocked, id=13148, stack(0x00000000020b0000,0x00000000021b0000)]

Other Threads:
  0x0000000013747000 VMThread [stack: 0x00000000147e0000,0x00000000148e0000] [id=3616]
  0x0000000015240000 WatcherThread [stack: 0x0000000015600000,0x0000000015700000] [id=13892]

VM state:not at safepoint (normal execution)

VM Mutex/Monitor currently owned by a thread: None

Heap:
 PSYoungGen      total 76288K, used 63460K [0x00000000f5580000, 0x00000000faa80000, 0x0000000100000000)
  eden space 65536K, 87% used [0x00000000f5580000,0x00000000f8db6f20,0x00000000f9580000)
  from space 10752K, 54% used [0x00000000f9580000,0x00000000f9b42318,0x00000000fa000000)
  to   space 10752K, 0% used [0x00000000fa000000,0x00000000fa000000,0x00000000faa80000)
 ParOldGen       total 175104K, used 8K [0x00000000e0000000, 0x00000000eab00000, 0x00000000f5580000)
  object space 175104K, 0% used [0x00000000e0000000,0x00000000e0002000,0x00000000eab00000)
 Metaspace       used 14147K, capacity 14572K, committed 14720K, reserved 1062912K
  class space    used 1991K, capacity 2130K, committed 2176K, reserved 1048576K

Card table byte_map: [0x0000000011720000,0x0000000011830000] byte_map_base: 0x0000000011020000

Marking Bits: (ParMarkBitMap*) 0x0000000077c52d00
 Begin Bits: [0x0000000011ce0000, 0x00000000124e0000)
 End Bits:   [0x00000000124e0000, 0x0000000012ce0000)

Polling page: 0x0000000000620000

CodeCache: size=245760Kb used=4805Kb max_used=4953Kb free=240954Kb
 bounds [0x0000000002360000, 0x0000000002840000, 0x0000000011360000]
 total_blobs=1710 nmethods=1329 adapters=293
 compilation: enabled

Compilation events (10 events):
Event: 13.898 Thread 0x000000001378b800 1431       3       java.util.concurrent.locks.AbstractQueuedSynchronizer::setState (6 bytes)
Event: 13.898 Thread 0x000000001378b800 nmethod 1431 0x00000000025ac190 code [0x00000000025ac2e0, 0x00000000025ac430]
Event: 13.900 Thread 0x0000000013786800 1432   !   4       java.net.URLClassLoader::findClass (47 bytes)
Event: 13.900 Thread 0x000000001377f800 1433       4       java.net.URLClassLoader$1::run (5 bytes)
Event: 13.902 Thread 0x0000000013786800 nmethod 1432 0x00000000024e9450 code [0x00000000024e95e0, 0x00000000024e97d8]
Event: 13.904 Thread 0x0000000013786800 1434   !   4       java.net.URLClassLoader$1::run (63 bytes)
Event: 14.010 Thread 0x000000001378b800 1435       3       java.util.concurrent.locks.AbstractQueuedSynchronizer::compareAndSetState (13 bytes)
Event: 14.011 Thread 0x000000001378b800 nmethod 1435 0x00000000024b6ad0 code [0x00000000024b6c20, 0x00000000024b6d90]
Event: 14.016 Thread 0x000000001378b800 1436       3       java.util.concurrent.locks.AbstractQueuedSynchronizer::release (33 bytes)
Event: 14.016 Thread 0x000000001378b800 nmethod 1436 0x00000000024a40d0 code [0x00000000024a4240, 0x00000000024a4558]

GC Heap History (2 events):
Event: 8.561 GC heap before
{Heap before GC invocations=1 (full 0):
 PSYoungGen      total 76288K, used 65536K [0x00000000f5580000, 0x00000000faa80000, 0x0000000100000000)
  eden space 65536K, 100% used [0x00000000f5580000,0x00000000f9580000,0x00000000f9580000)
  from space 10752K, 0% used [0x00000000fa000000,0x00000000fa000000,0x00000000faa80000)
  to   space 10752K, 0% used [0x00000000f9580000,0x00000000f9580000,0x00000000fa000000)
 ParOldGen       total 175104K, used 0K [0x00000000e0000000, 0x00000000eab00000, 0x00000000f5580000)
  object space 175104K, 0% used [0x00000000e0000000,0x00000000e0000000,0x00000000eab00000)
 Metaspace       used 7390K, capacity 7702K, committed 7936K, reserved 1056768K
  class space    used 937K, capacity 1017K, committed 1024K, reserved 1048576K
Event: 8.604 GC heap after
Heap after GC invocations=1 (full 0):
 PSYoungGen      total 76288K, used 5896K [0x00000000f5580000, 0x00000000faa80000, 0x0000000100000000)
  eden space 65536K, 0% used [0x00000000f5580000,0x00000000f5580000,0x00000000f9580000)
  from space 10752K, 54% used [0x00000000f9580000,0x00000000f9b42318,0x00000000fa000000)
  to   space 10752K, 0% used [0x00000000fa000000,0x00000000fa000000,0x00000000faa80000)
 ParOldGen       total 175104K, used 8K [0x00000000e0000000, 0x00000000eab00000, 0x00000000f5580000)
  object space 175104K, 0% used [0x00000000e0000000,0x00000000e0002000,0x00000000eab00000)
 Metaspace       used 7390K, capacity 7702K, committed 7936K, reserved 1056768K
  class space    used 937K, capacity 1017K, committed 1024K, reserved 1048576K
}

Deoptimization events (10 events):
Event: 12.915 Thread 0x0000000016411000 Uncommon trap: reason=unstable_if action=reinterpret pc=0x000000000275c970 method=java.util.concurrent.ConcurrentHashMap.putVal(Ljava/lang/Object;Ljava/lang/Object;Z)Ljava/lang/Object; @ 206
Event: 13.201 Thread 0x000000001674a800 Uncommon trap: reason=bimorphic action=maybe_recompile pc=0x00000000025b297c method=java.util.HashMap.putVal(ILjava/lang/Object;Ljava/lang/Object;ZZ)Ljava/lang/Object; @ 253
Event: 13.202 Thread 0x000000001674a800 Uncommon trap: reason=bimorphic action=maybe_recompile pc=0x00000000025b297c method=java.util.HashMap.putVal(ILjava/lang/Object;Ljava/lang/Object;ZZ)Ljava/lang/Object; @ 253
Event: 13.202 Thread 0x000000001674a800 Uncommon trap: reason=bimorphic action=maybe_recompile pc=0x00000000025b297c method=java.util.HashMap.putVal(ILjava/lang/Object;Ljava/lang/Object;ZZ)Ljava/lang/Object; @ 253
Event: 13.202 Thread 0x000000001674a800 Uncommon trap: reason=bimorphic action=maybe_recompile pc=0x00000000025b297c method=java.util.HashMap.putVal(ILjava/lang/Object;Ljava/lang/Object;ZZ)Ljava/lang/Object; @ 253
Event: 13.202 Thread 0x000000001674a800 Uncommon trap: reason=bimorphic action=maybe_recompile pc=0x00000000025af78c method=java.util.HashMap.putVal(ILjava/lang/Object;Ljava/lang/Object;ZZ)Ljava/lang/Object; @ 253
Event: 13.785 Thread 0x000000001674a800 Uncommon trap: reason=class_check action=maybe_recompile pc=0x0000000002641f84 method=java.util.regex.Matcher.match(II)Z @ 86
Event: 13.802 Thread 0x000000001674a800 Uncommon trap: reason=class_check action=maybe_recompile pc=0x0000000002641f84 method=java.util.regex.Matcher.match(II)Z @ 86
Event: 13.802 Thread 0x000000001674a800 Uncommon trap: reason=class_check action=maybe_recompile pc=0x0000000002641f84 method=java.util.regex.Matcher.match(II)Z @ 86
Event: 13.803 Thread 0x000000001674a800 Uncommon trap: reason=class_check action=maybe_recompile pc=0x00000000024cd49c method=java.util.regex.Matcher.match(II)Z @ 86

Classes redefined (0 events):
No events

Internal exceptions (10 events):
Event: 12.918 Thread 0x0000000016411000 Exception <a 'java/lang/NoSuchMethodError': <clinit>> (0x00000000f7055808) thrown at [C:\re\workspace\8-2-build-windows-amd64-cygwin\jdk8u181\11358\hotspot\src\share\vm\prims\jni.cpp, line 1613]
Event: 12.922 Thread 0x0000000016411000 Exception <a 'java/lang/NoSuchMethodError': <clinit>> (0x00000000f706aee8) thrown at [C:\re\workspace\8-2-build-windows-amd64-cygwin\jdk8u181\11358\hotspot\src\share\vm\prims\jni.cpp, line 1613]
Event: 12.929 Thread 0x0000000016411000 Exception <a 'java/lang/NoSuchMethodError': <clinit>> (0x00000000f707e218) thrown at [C:\re\workspace\8-2-build-windows-amd64-cygwin\jdk8u181\11358\hotspot\src\share\vm\prims\jni.cpp, line 1613]
Event: 12.935 Thread 0x0000000016411000 Exception <a 'java/lang/NoSuchMethodError': <clinit>> (0x00000000f70a5598) thrown at [C:\re\workspace\8-2-build-windows-amd64-cygwin\jdk8u181\11358\hotspot\src\share\vm\prims\jni.cpp, line 1613]
Event: 12.939 Thread 0x0000000016411000 Exception <a 'java/lang/NoSuchMethodError': <clinit>> (0x00000000f70bd4e8) thrown at [C:\re\workspace\8-2-build-windows-amd64-cygwin\jdk8u181\11358\hotspot\src\share\vm\prims\jni.cpp, line 1613]
Event: 12.940 Thread 0x0000000016411000 Exception <a 'java/lang/NoSuchMethodError': <clinit>> (0x00000000f70c6178) thrown at [C:\re\workspace\8-2-build-windows-amd64-cygwin\jdk8u181\11358\hotspot\src\share\vm\prims\jni.cpp, line 1613]
Event: 12.956 Thread 0x0000000016411000 Exception <a 'java/lang/NoSuchMethodError': <clinit>> (0x00000000f70dc6e8) thrown at [C:\re\workspace\8-2-build-windows-amd64-cygwin\jdk8u181\11358\hotspot\src\share\vm\prims\jni.cpp, line 1613]
Event: 12.996 Thread 0x0000000016411000 Exception <a 'java/lang/NoSuchMethodError': <clinit>> (0x00000000f71459b0) thrown at [C:\re\workspace\8-2-build-windows-amd64-cygwin\jdk8u181\11358\hotspot\src\share\vm\prims\jni.cpp, line 1613]
Event: 13.004 Thread 0x0000000016411000 Exception <a 'java/lang/NoSuchMethodError': <clinit>> (0x00000000f71722f0) thrown at [C:\re\workspace\8-2-build-windows-amd64-cygwin\jdk8u181\11358\hotspot\src\share\vm\prims\jni.cpp, line 1613]
Event: 13.012 Thread 0x0000000016411000 Exception <a 'java/lang/NoSuchMethodError': <clinit>> (0x00000000f718fb28) thrown at [C:\re\workspace\8-2-build-windows-amd64-cygwin\jdk8u181\11358\hotspot\src\share\vm\prims\jni.cpp, line 1613]

Events (10 events):
Event: 14.016 loading class org/gradle/cache/internal/locklistener/DefaultFileLockContentionHandler$1
Event: 14.016 loading class org/gradle/cache/internal/locklistener/DefaultFileLockContentionHandler$1 done
Event: 14.019 Thread 0x0000000016940000 Thread added: 0x0000000016940000
Event: 14.019 loading class org/gradle/cache/internal/locklistener/DefaultFileLockContentionHandler$ContendedAction
Event: 14.019 loading class org/gradle/cache/internal/locklistener/DefaultFileLockContentionHandler$ContendedAction done
Event: 14.172 loading class org/gradle/cache/internal/locklistener/FileLockPacketType
Event: 14.172 loading class org/gradle/cache/internal/locklistener/FileLockPacketType done
Event: 14.172 loading class org/gradle/cache/internal/locklistener/FileLockPacketPayload
Event: 14.172 loading class org/gradle/cache/internal/locklistener/FileLockPacketPayload done
Event: 14.173 loading class java/net/DatagramPacket$1


Dynamic libraries:
0x00007ff654540000 - 0x00007ff654577000 	C:\Program Files\Java\jdk1.8.0_181\bin\java.exe
0x00007ffe51840000 - 0x00007ffe51a30000 	C:\WINDOWS\SYSTEM32\ntdll.dll
0x00007ffe471e0000 - 0x00007ffe471f5000 	C:\Program Files\AVG\Antivirus\aswhook.dll
0x00007ffe4fa80000 - 0x00007ffe4fb32000 	C:\WINDOWS\System32\KERNEL32.DLL
0x00007ffe4eaa0000 - 0x00007ffe4ed43000 	C:\WINDOWS\System32\KERNELBASE.dll
0x00007ffe4bf30000 - 0x00007ffe4bfbf000 	C:\WINDOWS\SYSTEM32\apphelp.dll
0x00007ffe4fcd0000 - 0x00007ffe4fd73000 	C:\WINDOWS\System32\ADVAPI32.dll
0x00007ffe4ff60000 - 0x00007ffe4fffe000 	C:\WINDOWS\System32\msvcrt.dll
0x00007ffe4fec0000 - 0x00007ffe4ff57000 	C:\WINDOWS\System32\sechost.dll
0x00007ffe513d0000 - 0x00007ffe514f0000 	C:\WINDOWS\System32\RPCRT4.dll
0x00007ffe50630000 - 0x00007ffe507c4000 	C:\WINDOWS\System32\USER32.dll
0x00007ffe4f860000 - 0x00007ffe4f881000 	C:\WINDOWS\System32\win32u.dll
0x00007ffe51040000 - 0x00007ffe51066000 	C:\WINDOWS\System32\GDI32.dll
0x00007ffe4ed50000 - 0x00007ffe4eee4000 	C:\WINDOWS\System32\gdi32full.dll
0x00007ffe4f7c0000 - 0x00007ffe4f85e000 	C:\WINDOWS\System32\msvcp_win.dll
0x00007ffe4e7d0000 - 0x00007ffe4e8ca000 	C:\WINDOWS\System32\ucrtbase.dll
0x00007ffe42140000 - 0x00007ffe423c5000 	C:\WINDOWS\WinSxS\amd64_microsoft.windows.common-controls_6595b64144ccf1df_6.0.18362.693_none_e6c1b3c11311d480\COMCTL32.dll
0x00007ffe51090000 - 0x00007ffe513c6000 	C:\WINDOWS\System32\combase.dll
0x00007ffe4efa0000 - 0x00007ffe4f020000 	C:\WINDOWS\System32\bcryptPrimitives.dll
0x00007ffe51010000 - 0x00007ffe5103e000 	C:\WINDOWS\System32\IMM32.DLL
0x00000000501d0000 - 0x00000000502a2000 	C:\Program Files\Java\jdk1.8.0_181\jre\bin\msvcr100.dll
0x0000000077430000 - 0x0000000077cd2000 	C:\Program Files\Java\jdk1.8.0_181\jre\bin\server\jvm.dll
0x00007ffe50f20000 - 0x00007ffe50f28000 	C:\WINDOWS\System32\PSAPI.DLL
0x00007ffe410e0000 - 0x00007ffe410e9000 	C:\WINDOWS\SYSTEM32\WSOCK32.dll
0x00007ffe4fd80000 - 0x00007ffe4fdef000 	C:\WINDOWS\System32\WS2_32.dll
0x00007ffe443e0000 - 0x00007ffe44404000 	C:\WINDOWS\SYSTEM32\WINMM.dll
0x00007ffe47a30000 - 0x00007ffe47a3a000 	C:\WINDOWS\SYSTEM32\VERSION.dll
0x00007ffe443b0000 - 0x00007ffe443dd000 	C:\WINDOWS\SYSTEM32\WINMMBASE.dll
0x00007ffe4ea50000 - 0x00007ffe4ea9a000 	C:\WINDOWS\System32\cfgmgr32.dll
0x00000000501c0000 - 0x00000000501cf000 	C:\Program Files\Java\jdk1.8.0_181\jre\bin\verify.dll
0x0000000050190000 - 0x00000000501b9000 	C:\Program Files\Java\jdk1.8.0_181\jre\bin\java.dll
0x0000000050170000 - 0x0000000050186000 	C:\Program Files\Java\jdk1.8.0_181\jre\bin\zip.dll
0x00007ffe50830000 - 0x00007ffe50f16000 	C:\WINDOWS\System32\SHELL32.dll
0x00007ffe4f9d0000 - 0x00007ffe4fa79000 	C:\WINDOWS\System32\shcore.dll
0x00007ffe4f020000 - 0x00007ffe4f7a0000 	C:\WINDOWS\System32\windows.storage.dll
0x00007ffe4e7a0000 - 0x00007ffe4e7c9000 	C:\WINDOWS\System32\Wldp.dll
0x00007ffe4e8d0000 - 0x00007ffe4ea19000 	C:\WINDOWS\System32\CRYPT32.dll
0x00007ffe4e760000 - 0x00007ffe4e772000 	C:\WINDOWS\System32\MSASN1.dll
0x00007ffe4f890000 - 0x00007ffe4f8ec000 	C:\WINDOWS\System32\WINTRUST.dll
0x00007ffe4e6e0000 - 0x00007ffe4e703000 	C:\WINDOWS\System32\profapi.dll
0x00007ffe4e710000 - 0x00007ffe4e75a000 	C:\WINDOWS\System32\powrprof.dll
0x00007ffe4e6d0000 - 0x00007ffe4e6e0000 	C:\WINDOWS\System32\UMPDC.dll
0x00007ffe4fb40000 - 0x00007ffe4fb92000 	C:\WINDOWS\System32\shlwapi.dll
0x00007ffe4e780000 - 0x00007ffe4e791000 	C:\WINDOWS\System32\kernel.appcore.dll
0x00007ffe4f7a0000 - 0x00007ffe4f7b7000 	C:\WINDOWS\System32\cryptsp.dll
0x0000000050150000 - 0x000000005016a000 	C:\Program Files\Java\jdk1.8.0_181\jre\bin\net.dll
0x00007ffe4df10000 - 0x00007ffe4df77000 	C:\WINDOWS\system32\mswsock.dll
0x0000000050130000 - 0x0000000050141000 	C:\Program Files\Java\jdk1.8.0_181\jre\bin\nio.dll
0x00007ffe43780000 - 0x00007ffe437a6000 	C:\Users\encal\.gradle\native\30\windows-amd64\native-platform.dll
0x0000000050120000 - 0x000000005012d000 	C:\Program Files\Java\jdk1.8.0_181\jre\bin\management.dll
0x00007ffe4da80000 - 0x00007ffe4dab3000 	C:\WINDOWS\system32\rsaenh.dll
0x00007ffe4ea20000 - 0x00007ffe4ea46000 	C:\WINDOWS\System32\bcrypt.dll
0x00007ffe4e5f0000 - 0x00007ffe4e615000 	C:\WINDOWS\SYSTEM32\USERENV.dll
0x00007ffe4e0e0000 - 0x00007ffe4e0ec000 	C:\WINDOWS\SYSTEM32\CRYPTBASE.dll
0x00007ffe4dc20000 - 0x00007ffe4dc5a000 	C:\WINDOWS\SYSTEM32\IPHLPAPI.DLL
0x00007ffe4f8f0000 - 0x00007ffe4f8f8000 	C:\WINDOWS\System32\NSI.dll
0x00007ffe48690000 - 0x00007ffe486a6000 	C:\WINDOWS\SYSTEM32\dhcpcsvc6.DLL
0x00007ffe48670000 - 0x00007ffe4868c000 	C:\WINDOWS\SYSTEM32\dhcpcsvc.DLL
0x00007ffe4dc60000 - 0x00007ffe4dd2a000 	C:\WINDOWS\SYSTEM32\DNSAPI.dll

VM Arguments:
jvm_args: -XX:MaxMetaspaceSize=256m -XX:+HeapDumpOnOutOfMemoryError -Xms256m -Xmx512m -Dfile.encoding=windows-1252 -Duser.country=EC -Duser.language=es -Duser.variant 
java_command: org.gradle.launcher.daemon.bootstrap.GradleDaemon 5.6
java_class_path (initial): C:\Users\encal\.gradle\wrapper\dists\gradle-5.6-all\4chhpeaqtrfx4ih6mafwwr40u\gradle-5.6\lib\gradle-launcher-5.6.jar
Launcher Type: SUN_STANDARD

Environment Variables:
JAVA_HOME=C:\Program Files\Java\jdk1.8.0_181
PATH=C:\Program Files (x86)\NVIDIA Corporation\PhysX\Common;C:\Program Files (x86)\Common Files\Oracle\Java\javapath;C:\Program Files (x86)\Intel\Intel(R) Management Engine Components\iCLS\;C:\Program Files\Intel\Intel(R) Management Engine Components\iCLS\;C:\WINDOWS\system32;C:\WINDOWS;C:\WINDOWS\System32\Wbem;C:\WINDOWS\System32\WindowsPowerShell\v1.0\;C:\WINDOWS\System32\OpenSSH\;C:\Program Files (x86)\Intel\Intel(R) Management Engine Components\DAL;C:\Program Files\Intel\Intel(R) Management Engine Components\DAL;C:\Program Files (x86)\Intel\Intel(R) Management Engine Components\IPT;C:\Program Files\Intel\Intel(R) Management Engine Components\IPT;C:\Program Files\Git\cmd;C:\Program Files\nodejs\;C:\Program Files\Java\jdk1.8.0_181\bin;C:\maven\apache-maven-3.6.2\bin;C:\Gradle\gradle-6.0.1\bin;C:\Program Files\MySQL\MySQL Shell 8.0\bin\;C:\Users\encal\AppData\Roaming\npm;C:\Users\Administrator\AppData\Roaming\npm\node_modules\angular-cli\bin\ng;C:\Users\encal\AppData\Local\Programs\Microsoft VS Code\bin;C:\Program Files\JetBrains\IntelliJ IDEA 2019.3.3\bin;;C:\Gradle\gradle-6.0.1\bin;
USERNAME=encal
OS=Windows_NT
PROCESSOR_IDENTIFIER=Intel64 Family 6 Model 142 Stepping 9, GenuineIntel



---------------  S Y S T E M  ---------------

OS: Windows 10.0 , 64 bit Build 18362 (10.0.18362.329)

CPU:total 4 (initial active 4) (2 cores per cpu, 2 threads per core) family 6 model 142 stepping 9, cmov, cx8, fxsr, mmx, sse, sse2, sse3, ssse3, sse4.1, sse4.2, popcnt, avx, avx2, aes, clmul, erms, 3dnowpref, lzcnt, ht, tsc, tscinvbit, bmi1, bmi2, adx

Memory: 4k page, physical 4089888k(207576k free), swap 10233888k(736k free)

vm_info: Java HotSpot(TM) 64-Bit Server VM (25.181-b13) for windows-amd64 JRE (1.8.0_181-b13), built on Jul  7 2018 04:01:33 by "java_re" with MS VC++ 10.0 (VS2010)

time: Wed Mar 04 10:08:13 2020
elapsed time: 14 seconds (0d 0h 0m 14s)

