#
# There is insufficient memory for the Java Runtime Environment to continue.
# Native memory allocation (malloc) failed to allocate 2881296 bytes for Chunk::new
# Possible reasons:
#   The system is out of physical RAM or swap space
#   The process is running with CompressedOops enabled, and the Java Heap may be blocking the growth of the native heap
# Possible solutions:
#   Reduce memory load on the system
#   Increase physical memory or swap space
#   Check if swap backing store is full
#   Decrease Java heap size (-Xmx/-Xms)
#   Decrease number of Java threads
#   Decrease Java thread stack sizes (-Xss)
#   Set larger code cache with -XX:ReservedCodeCacheSize=
#   JVM is running with Unscaled Compressed Oops mode in which the Java heap is
#     placed in the first 4GB address space. The Java Heap base address is the
#     maximum limit for the native heap growth. Please use -XX:HeapBaseMinAddress
#     to set the Java Heap base and to place the Java Heap above 4GB virtual address.
# This output file may be truncated or incomplete.
#
#  Out of Memory Error (t:/workspace/open/src/hotspot/share/memory/arena.cpp:197), pid=5096, tid=6532
#
# JRE version: Java(TM) SE Runtime Environment (12.0.1+12) (build 12.0.1+12)
# Java VM: Java HotSpot(TM) 64-Bit Server VM (12.0.1+12, mixed mode, sharing, tiered, compressed oops, g1 gc, windows-amd64)
# No core dump will be written. Minidumps are not enabled by default on client versions of Windows
#

---------------  S U M M A R Y ------------

Command Line: --add-opens=java.base/java.util=ALL-UNNAMED --add-opens=java.base/java.lang=ALL-UNNAMED --add-opens=java.base/java.lang.invoke=ALL-UNNAMED --add-opens=java.prefs/java.util.prefs=ALL-UNNAMED -XX:MaxMetaspaceSize=256m -XX:+HeapDumpOnOutOfMemoryError -Xms256m -Xmx512m -Dfile.encoding=windows-1252 -Duser.country=EC -Duser.language=es -Duser.variant org.gradle.launcher.daemon.bootstrap.GradleDaemon 6.0.1

Host: Intel(R) Core(TM) i7-7500U CPU @ 2.70GHz, 4 cores, 3G,  Windows 10 , 64 bit Build 18362 (10.0.18362.329)
Time: Wed Mar  4 10:05:59 2020 Hora est. Pacífico, Sudamérica elapsed time: 13 seconds (0d 0h 0m 13s)

---------------  T H R E A D  ---------------

Current thread (0x000001feb3fc7800):  JavaThread "C2 CompilerThread0" daemon [_thread_in_native, id=6532, stack(0x000000f3f3400000,0x000000f3f3500000)]


Current CompileTask:
C2:  13997 2216   !   4       java.lang.ClassLoader::loadClass (122 bytes)

Stack: [0x000000f3f3400000,0x000000f3f3500000]
Native frames: (J=compiled Java code, j=interpreted, Vv=VM code, C=native code)
V  [jvm.dll+0x63948a]
V  [jvm.dll+0x78b31f]
V  [jvm.dll+0x78c9c1]
V  [jvm.dll+0x78d013]
V  [jvm.dll+0x262138]
V  [jvm.dll+0xc582c]
V  [jvm.dll+0xc5dac]
V  [jvm.dll+0x3796a7]
V  [jvm.dll+0x1aee00]
V  [jvm.dll+0x21c142]
V  [jvm.dll+0x21b20a]
V  [jvm.dll+0x199890]
V  [jvm.dll+0x22a534]
V  [jvm.dll+0x228b88]
V  [jvm.dll+0x74f660]
V  [jvm.dll+0x748648]
V  [jvm.dll+0x638566]
C  [ucrtbase.dll+0x20e72]
C  [KERNEL32.DLL+0x17bd4]
C  [ntdll.dll+0x6ced1]


---------------  P R O C E S S  ---------------

Threads class SMR info:
_java_thread_list=0x000001feb696ad30, length=24, elements={
0x000001fe993bd000, 0x000001feb3fa0800, 0x000001feb3fa1800, 0x000001feb3fc4800,
0x000001feb3fc6800, 0x000001feb3fc7800, 0x000001feb3fca800, 0x000001feb3fcd800,
0x000001feb4a39000, 0x000001feb4a54800, 0x000001feb57d0800, 0x000001feb5d32000,
0x000001feb586f000, 0x000001feb5dd4800, 0x000001feb63af800, 0x000001feb5c94800,
0x000001feb58b0000, 0x000001feb5d04000, 0x000001feb5d23000, 0x000001feb5d4b000,
0x000001feb5c77800, 0x000001feb5c79800, 0x000001feb5c78000, 0x000001feb5c79000
}

Java Threads: ( => current thread )
  0x000001fe993bd000 JavaThread "main" [_thread_blocked, id=7812, stack(0x000000f3f2900000,0x000000f3f2a00000)]
  0x000001feb3fa0800 JavaThread "Reference Handler" daemon [_thread_blocked, id=13520, stack(0x000000f3f3000000,0x000000f3f3100000)]
  0x000001feb3fa1800 JavaThread "Finalizer" daemon [_thread_blocked, id=12820, stack(0x000000f3f3100000,0x000000f3f3200000)]
  0x000001feb3fc4800 JavaThread "Signal Dispatcher" daemon [_thread_blocked, id=2816, stack(0x000000f3f3200000,0x000000f3f3300000)]
  0x000001feb3fc6800 JavaThread "Attach Listener" daemon [_thread_blocked, id=15000, stack(0x000000f3f3300000,0x000000f3f3400000)]
=>0x000001feb3fc7800 JavaThread "C2 CompilerThread0" daemon [_thread_in_native, id=6532, stack(0x000000f3f3400000,0x000000f3f3500000)]
  0x000001feb3fca800 JavaThread "C1 CompilerThread0" daemon [_thread_blocked, id=5864, stack(0x000000f3f3500000,0x000000f3f3600000)]
  0x000001feb3fcd800 JavaThread "Sweeper thread" daemon [_thread_blocked, id=7560, stack(0x000000f3f3600000,0x000000f3f3700000)]
  0x000001feb4a39000 JavaThread "Common-Cleaner" daemon [_thread_blocked, id=5288, stack(0x000000f3f3700000,0x000000f3f3800000)]
  0x000001feb4a54800 JavaThread "Service Thread" daemon [_thread_blocked, id=13984, stack(0x000000f3f3800000,0x000000f3f3900000)]
  0x000001feb57d0800 JavaThread "Daemon health stats" [_thread_blocked, id=1244, stack(0x000000f3f3d00000,0x000000f3f3e00000)]
  0x000001feb5d32000 JavaThread "Incoming local TCP Connector on port 51773" [_thread_in_native, id=276, stack(0x000000f3f3e00000,0x000000f3f3f00000)]
  0x000001feb586f000 JavaThread "Daemon periodic checks" [_thread_blocked, id=5316, stack(0x000000f3f3f00000,0x000000f3f4000000)]
  0x000001feb5dd4800 JavaThread "Daemon" [_thread_blocked, id=1600, stack(0x000000f3f4000000,0x000000f3f4100000)]
  0x000001feb63af800 JavaThread "Handler for socket connection from /127.0.0.1:51773 to /127.0.0.1:51774" [_thread_in_native, id=13884, stack(0x000000f3f4100000,0x000000f3f4200000)]
  0x000001feb5c94800 JavaThread "Cancel handler" [_thread_blocked, id=8040, stack(0x000000f3f4200000,0x000000f3f4300000)]
  0x000001feb58b0000 JavaThread "Daemon worker" [_thread_in_vm, id=11920, stack(0x000000f3f4300000,0x000000f3f4400000)]
  0x000001feb5d04000 JavaThread "Asynchronous log dispatcher for DefaultDaemonConnection: socket connection from /127.0.0.1:51773 to /127.0.0.1:51774" [_thread_blocked, id=7548, stack(0x000000f3f4400000,0x000000f3f4500000)]
  0x000001feb5d23000 JavaThread "Stdin handler" [_thread_blocked, id=9908, stack(0x000000f3f4500000,0x000000f3f4600000)]
  0x000001feb5d4b000 JavaThread "Thread-8" [_thread_blocked, id=12044, stack(0x000000f3f4600000,0x000000f3f4700000)]
  0x000001feb5c77800 JavaThread "Cache worker for file hash cache (C:\Users\encal\.gradle\caches\6.0.1\fileHashes)" [_thread_blocked, id=9040, stack(0x000000f3f4700000,0x000000f3f4800000)]
  0x000001feb5c79800 JavaThread "File lock request listener" [_thread_in_native, id=2672, stack(0x000000f3f4800000,0x000000f3f4900000)]
  0x000001feb5c78000 JavaThread "Cache worker for journal cache (C:\Users\encal\.gradle\caches\journal-1)" [_thread_blocked, id=8940, stack(0x000000f3f4900000,0x000000f3f4a00000)]
  0x000001feb5c79000 JavaThread "Cache worker for file hash cache (C:\Users\encal\Desktop\alumni Final\Alumni\UPBannerWS\.gradle\6.0.1\fileHashes)" [_thread_blocked, id=12756, stack(0x000000f3f4a00000,0x000000f3f4b00000)]

Other Threads:
  0x000001feb3f9c800 VMThread "VM Thread" [stack: 0x000000f3f2f00000,0x000000f3f3000000] [id=12844]
  0x000001feb4a56000 WatcherThread [stack: 0x000000f3f3900000,0x000000f3f3a00000] [id=8444]
  0x000001fe993e4000 GCTaskThread "GC Thread#0" [stack: 0x000000f3f2a00000,0x000000f3f2b00000] [id=13100]
  0x000001feb53be800 GCTaskThread "GC Thread#1" [stack: 0x000000f3f3a00000,0x000000f3f3b00000] [id=14460]
  0x000001feb53bf800 GCTaskThread "GC Thread#2" [stack: 0x000000f3f3b00000,0x000000f3f3c00000] [id=1608]
  0x000001feb532a000 GCTaskThread "GC Thread#3" [stack: 0x000000f3f3c00000,0x000000f3f3d00000] [id=13352]
  0x000001fe993e8800 ConcurrentGCThread "G1 Main Marker" [stack: 0x000000f3f2b00000,0x000000f3f2c00000] [id=11648]
  0x000001fe993eb000 ConcurrentGCThread "G1 Conc#0" [stack: 0x000000f3f2c00000,0x000000f3f2d00000] [id=3104]
  0x000001feb3e4a800 ConcurrentGCThread "G1 Refine#0" [stack: 0x000000f3f2d00000,0x000000f3f2e00000] [id=14708]
  0x000001feb3e4b800 ConcurrentGCThread "G1 Young RemSet Sampling" [stack: 0x000000f3f2e00000,0x000000f3f2f00000] [id=13696]

Threads with active compile tasks:
C2 CompilerThread0  2216   !   4       java.lang.ClassLoader::loadClass (122 bytes)

VM state:not at safepoint (normal execution)

VM Mutex/Monitor currently owned by a thread: None

Heap address: 0x00000000e0000000, size: 512 MB, Compressed Oops mode: 32-bit
Narrow klass base: 0x0000000800000000, Narrow klass shift: 3
Compressed class space size: 260046848 Address: 0x00000008011a0000

Heap:
 garbage-first heap   total 262144K, used 77985K [0x00000000e0000000, 0x0000000100000000)
  region size 1024K, 57 young (58368K), 3 survivors (3072K)
 Metaspace       used 19441K, capacity 20124K, committed 20352K, reserved 272384K
  class space    used 2874K, capacity 3100K, committed 3200K, reserved 253952K
Heap Regions: E=young(eden), S=young(survivor), O=old, HS=humongous(starts), HC=humongous(continues), CS=collection set, F=free, A=archive, TAMS=top-at-mark-start (previous, next)
|   0|0x00000000e0000000, 0x00000000e0100000, 0x00000000e0100000|100%| O|  |TAMS 0x00000000e0000000, 0x00000000e0000000| Untracked 
|   1|0x00000000e0100000, 0x00000000e0200000, 0x00000000e0200000|100%| O|  |TAMS 0x00000000e0100000, 0x00000000e0100000| Untracked 
|   2|0x00000000e0200000, 0x00000000e0300000, 0x00000000e0300000|100%| O|  |TAMS 0x00000000e0200000, 0x00000000e0200000| Untracked 
|   3|0x00000000e0300000, 0x00000000e0400000, 0x00000000e0400000|100%|HS|  |TAMS 0x00000000e0300000, 0x00000000e0300000| Complete 
|   4|0x00000000e0400000, 0x00000000e0500000, 0x00000000e0500000|100%|HC|  |TAMS 0x00000000e0400000, 0x00000000e0400000| Complete 
|   5|0x00000000e0500000, 0x00000000e0600000, 0x00000000e0600000|100%|HC|  |TAMS 0x00000000e0500000, 0x00000000e0500000| Complete 
|   6|0x00000000e0600000, 0x00000000e0700000, 0x00000000e0700000|100%| O|  |TAMS 0x00000000e0600000, 0x00000000e0600000| Untracked 
|   7|0x00000000e0700000, 0x00000000e0800000, 0x00000000e0800000|100%| O|  |TAMS 0x00000000e0700000, 0x00000000e0700000| Untracked 
|   8|0x00000000e0800000, 0x00000000e0900000, 0x00000000e0900000|100%| O|  |TAMS 0x00000000e0800000, 0x00000000e0800000| Untracked 
|   9|0x00000000e0900000, 0x00000000e0a00000, 0x00000000e0a00000|100%| O|  |TAMS 0x00000000e0900000, 0x00000000e0900000| Untracked 
|  10|0x00000000e0a00000, 0x00000000e0b00000, 0x00000000e0b00000|100%| O|  |TAMS 0x00000000e0a00000, 0x00000000e0a00000| Untracked 
|  11|0x00000000e0b00000, 0x00000000e0c00000, 0x00000000e0c00000|100%| O|  |TAMS 0x00000000e0b00000, 0x00000000e0b00000| Untracked 
|  12|0x00000000e0c00000, 0x00000000e0c68200, 0x00000000e0d00000| 40%| O|  |TAMS 0x00000000e0c00000, 0x00000000e0c00000| Untracked 
|  13|0x00000000e0d00000, 0x00000000e0e00000, 0x00000000e0e00000|100%|HS|  |TAMS 0x00000000e0d00000, 0x00000000e0d00000| Complete 
|  14|0x00000000e0e00000, 0x00000000e0f00000, 0x00000000e0f00000|100%|HC|  |TAMS 0x00000000e0e00000, 0x00000000e0e00000| Complete 
|  15|0x00000000e0f00000, 0x00000000e1000000, 0x00000000e1000000|100%|HS|  |TAMS 0x00000000e0f00000, 0x00000000e0f00000| Complete 
|  16|0x00000000e1000000, 0x00000000e1100000, 0x00000000e1100000|100%|HC|  |TAMS 0x00000000e1000000, 0x00000000e1000000| Complete 
|  17|0x00000000e1100000, 0x00000000e1200000, 0x00000000e1200000|100%|HC|  |TAMS 0x00000000e1100000, 0x00000000e1100000| Complete 
|  18|0x00000000e1200000, 0x00000000e1300000, 0x00000000e1300000|100%|HS|  |TAMS 0x00000000e1200000, 0x00000000e1200000| Complete 
|  19|0x00000000e1300000, 0x00000000e1400000, 0x00000000e1400000|100%|HC|  |TAMS 0x00000000e1300000, 0x00000000e1300000| Complete 
|  20|0x00000000e1400000, 0x00000000e1500000, 0x00000000e1500000|100%|HC|  |TAMS 0x00000000e1400000, 0x00000000e1400000| Complete 
|  21|0x00000000e1500000, 0x00000000e1600000, 0x00000000e1600000|100%|HC|  |TAMS 0x00000000e1500000, 0x00000000e1500000| Complete 
|  22|0x00000000e1600000, 0x00000000e1600000, 0x00000000e1700000|  0%| F|  |TAMS 0x00000000e1600000, 0x00000000e1600000| Untracked 
|  23|0x00000000e1700000, 0x00000000e1700000, 0x00000000e1800000|  0%| F|  |TAMS 0x00000000e1700000, 0x00000000e1700000| Untracked 
|  24|0x00000000e1800000, 0x00000000e1800000, 0x00000000e1900000|  0%| F|  |TAMS 0x00000000e1800000, 0x00000000e1800000| Untracked 
|  25|0x00000000e1900000, 0x00000000e1900000, 0x00000000e1a00000|  0%| F|  |TAMS 0x00000000e1900000, 0x00000000e1900000| Untracked 
|  26|0x00000000e1a00000, 0x00000000e1a00000, 0x00000000e1b00000|  0%| F|  |TAMS 0x00000000e1a00000, 0x00000000e1a00000| Untracked 
|  27|0x00000000e1b00000, 0x00000000e1b00000, 0x00000000e1c00000|  0%| F|  |TAMS 0x00000000e1b00000, 0x00000000e1b00000| Untracked 
|  28|0x00000000e1c00000, 0x00000000e1c00000, 0x00000000e1d00000|  0%| F|  |TAMS 0x00000000e1c00000, 0x00000000e1c00000| Untracked 
|  29|0x00000000e1d00000, 0x00000000e1d00000, 0x00000000e1e00000|  0%| F|  |TAMS 0x00000000e1d00000, 0x00000000e1d00000| Untracked 
|  30|0x00000000e1e00000, 0x00000000e1e00000, 0x00000000e1f00000|  0%| F|  |TAMS 0x00000000e1e00000, 0x00000000e1e00000| Untracked 
|  31|0x00000000e1f00000, 0x00000000e1f00000, 0x00000000e2000000|  0%| F|  |TAMS 0x00000000e1f00000, 0x00000000e1f00000| Untracked 
|  32|0x00000000e2000000, 0x00000000e2000000, 0x00000000e2100000|  0%| F|  |TAMS 0x00000000e2000000, 0x00000000e2000000| Untracked 
|  33|0x00000000e2100000, 0x00000000e2100000, 0x00000000e2200000|  0%| F|  |TAMS 0x00000000e2100000, 0x00000000e2100000| Untracked 
|  34|0x00000000e2200000, 0x00000000e2200000, 0x00000000e2300000|  0%| F|  |TAMS 0x00000000e2200000, 0x00000000e2200000| Untracked 
|  35|0x00000000e2300000, 0x00000000e2300000, 0x00000000e2400000|  0%| F|  |TAMS 0x00000000e2300000, 0x00000000e2300000| Untracked 
|  36|0x00000000e2400000, 0x00000000e2400000, 0x00000000e2500000|  0%| F|  |TAMS 0x00000000e2400000, 0x00000000e2400000| Untracked 
|  37|0x00000000e2500000, 0x00000000e2500000, 0x00000000e2600000|  0%| F|  |TAMS 0x00000000e2500000, 0x00000000e2500000| Untracked 
|  38|0x00000000e2600000, 0x00000000e2600000, 0x00000000e2700000|  0%| F|  |TAMS 0x00000000e2600000, 0x00000000e2600000| Untracked 
|  39|0x00000000e2700000, 0x00000000e2700000, 0x00000000e2800000|  0%| F|  |TAMS 0x00000000e2700000, 0x00000000e2700000| Untracked 
|  40|0x00000000e2800000, 0x00000000e2800000, 0x00000000e2900000|  0%| F|  |TAMS 0x00000000e2800000, 0x00000000e2800000| Untracked 
|  41|0x00000000e2900000, 0x00000000e2900000, 0x00000000e2a00000|  0%| F|  |TAMS 0x00000000e2900000, 0x00000000e2900000| Untracked 
|  42|0x00000000e2a00000, 0x00000000e2a00000, 0x00000000e2b00000|  0%| F|  |TAMS 0x00000000e2a00000, 0x00000000e2a00000| Untracked 
|  43|0x00000000e2b00000, 0x00000000e2b00000, 0x00000000e2c00000|  0%| F|  |TAMS 0x00000000e2b00000, 0x00000000e2b00000| Untracked 
|  44|0x00000000e2c00000, 0x00000000e2c00000, 0x00000000e2d00000|  0%| F|  |TAMS 0x00000000e2c00000, 0x00000000e2c00000| Untracked 
|  45|0x00000000e2d00000, 0x00000000e2d00000, 0x00000000e2e00000|  0%| F|  |TAMS 0x00000000e2d00000, 0x00000000e2d00000| Untracked 
|  46|0x00000000e2e00000, 0x00000000e2e00000, 0x00000000e2f00000|  0%| F|  |TAMS 0x00000000e2e00000, 0x00000000e2e00000| Untracked 
|  47|0x00000000e2f00000, 0x00000000e2f00000, 0x00000000e3000000|  0%| F|  |TAMS 0x00000000e2f00000, 0x00000000e2f00000| Untracked 
|  48|0x00000000e3000000, 0x00000000e3000000, 0x00000000e3100000|  0%| F|  |TAMS 0x00000000e3000000, 0x00000000e3000000| Untracked 
|  49|0x00000000e3100000, 0x00000000e3100000, 0x00000000e3200000|  0%| F|  |TAMS 0x00000000e3100000, 0x00000000e3100000| Untracked 
|  50|0x00000000e3200000, 0x00000000e3200000, 0x00000000e3300000|  0%| F|  |TAMS 0x00000000e3200000, 0x00000000e3200000| Untracked 
|  51|0x00000000e3300000, 0x00000000e3300000, 0x00000000e3400000|  0%| F|  |TAMS 0x00000000e3300000, 0x00000000e3300000| Untracked 
|  52|0x00000000e3400000, 0x00000000e3400000, 0x00000000e3500000|  0%| F|  |TAMS 0x00000000e3400000, 0x00000000e3400000| Untracked 
|  53|0x00000000e3500000, 0x00000000e3500000, 0x00000000e3600000|  0%| F|  |TAMS 0x00000000e3500000, 0x00000000e3500000| Untracked 
|  54|0x00000000e3600000, 0x00000000e3600000, 0x00000000e3700000|  0%| F|  |TAMS 0x00000000e3600000, 0x00000000e3600000| Untracked 
|  55|0x00000000e3700000, 0x00000000e3700000, 0x00000000e3800000|  0%| F|  |TAMS 0x00000000e3700000, 0x00000000e3700000| Untracked 
|  56|0x00000000e3800000, 0x00000000e3800000, 0x00000000e3900000|  0%| F|  |TAMS 0x00000000e3800000, 0x00000000e3800000| Untracked 
|  57|0x00000000e3900000, 0x00000000e3900000, 0x00000000e3a00000|  0%| F|  |TAMS 0x00000000e3900000, 0x00000000e3900000| Untracked 
|  58|0x00000000e3a00000, 0x00000000e3a00000, 0x00000000e3b00000|  0%| F|  |TAMS 0x00000000e3a00000, 0x00000000e3a00000| Untracked 
|  59|0x00000000e3b00000, 0x00000000e3b00000, 0x00000000e3c00000|  0%| F|  |TAMS 0x00000000e3b00000, 0x00000000e3b00000| Untracked 
|  60|0x00000000e3c00000, 0x00000000e3c00000, 0x00000000e3d00000|  0%| F|  |TAMS 0x00000000e3c00000, 0x00000000e3c00000| Untracked 
|  61|0x00000000e3d00000, 0x00000000e3d00000, 0x00000000e3e00000|  0%| F|  |TAMS 0x00000000e3d00000, 0x00000000e3d00000| Untracked 
|  62|0x00000000e3e00000, 0x00000000e3e00000, 0x00000000e3f00000|  0%| F|  |TAMS 0x00000000e3e00000, 0x00000000e3e00000| Untracked 
|  63|0x00000000e3f00000, 0x00000000e3f00000, 0x00000000e4000000|  0%| F|  |TAMS 0x00000000e3f00000, 0x00000000e3f00000| Untracked 
|  64|0x00000000e4000000, 0x00000000e4000000, 0x00000000e4100000|  0%| F|  |TAMS 0x00000000e4000000, 0x00000000e4000000| Untracked 
|  65|0x00000000e4100000, 0x00000000e4100000, 0x00000000e4200000|  0%| F|  |TAMS 0x00000000e4100000, 0x00000000e4100000| Untracked 
|  66|0x00000000e4200000, 0x00000000e4200000, 0x00000000e4300000|  0%| F|  |TAMS 0x00000000e4200000, 0x00000000e4200000| Untracked 
|  67|0x00000000e4300000, 0x00000000e4300000, 0x00000000e4400000|  0%| F|  |TAMS 0x00000000e4300000, 0x00000000e4300000| Untracked 
|  68|0x00000000e4400000, 0x00000000e4400000, 0x00000000e4500000|  0%| F|  |TAMS 0x00000000e4400000, 0x00000000e4400000| Untracked 
|  69|0x00000000e4500000, 0x00000000e4500000, 0x00000000e4600000|  0%| F|  |TAMS 0x00000000e4500000, 0x00000000e4500000| Untracked 
|  70|0x00000000e4600000, 0x00000000e4600000, 0x00000000e4700000|  0%| F|  |TAMS 0x00000000e4600000, 0x00000000e4600000| Untracked 
|  71|0x00000000e4700000, 0x00000000e4700000, 0x00000000e4800000|  0%| F|  |TAMS 0x00000000e4700000, 0x00000000e4700000| Untracked 
|  72|0x00000000e4800000, 0x00000000e4800000, 0x00000000e4900000|  0%| F|  |TAMS 0x00000000e4800000, 0x00000000e4800000| Untracked 
|  73|0x00000000e4900000, 0x00000000e4900000, 0x00000000e4a00000|  0%| F|  |TAMS 0x00000000e4900000, 0x00000000e4900000| Untracked 
|  74|0x00000000e4a00000, 0x00000000e4a00000, 0x00000000e4b00000|  0%| F|  |TAMS 0x00000000e4a00000, 0x00000000e4a00000| Untracked 
|  75|0x00000000e4b00000, 0x00000000e4b00000, 0x00000000e4c00000|  0%| F|  |TAMS 0x00000000e4b00000, 0x00000000e4b00000| Untracked 
|  76|0x00000000e4c00000, 0x00000000e4c00000, 0x00000000e4d00000|  0%| F|  |TAMS 0x00000000e4c00000, 0x00000000e4c00000| Untracked 
|  77|0x00000000e4d00000, 0x00000000e4d00000, 0x00000000e4e00000|  0%| F|  |TAMS 0x00000000e4d00000, 0x00000000e4d00000| Untracked 
|  78|0x00000000e4e00000, 0x00000000e4e00000, 0x00000000e4f00000|  0%| F|  |TAMS 0x00000000e4e00000, 0x00000000e4e00000| Untracked 
|  79|0x00000000e4f00000, 0x00000000e4f00000, 0x00000000e5000000|  0%| F|  |TAMS 0x00000000e4f00000, 0x00000000e4f00000| Untracked 
|  80|0x00000000e5000000, 0x00000000e5000000, 0x00000000e5100000|  0%| F|  |TAMS 0x00000000e5000000, 0x00000000e5000000| Untracked 
|  81|0x00000000e5100000, 0x00000000e5100000, 0x00000000e5200000|  0%| F|  |TAMS 0x00000000e5100000, 0x00000000e5100000| Untracked 
|  82|0x00000000e5200000, 0x00000000e5200000, 0x00000000e5300000|  0%| F|  |TAMS 0x00000000e5200000, 0x00000000e5200000| Untracked 
|  83|0x00000000e5300000, 0x00000000e5300000, 0x00000000e5400000|  0%| F|  |TAMS 0x00000000e5300000, 0x00000000e5300000| Untracked 
|  84|0x00000000e5400000, 0x00000000e5400000, 0x00000000e5500000|  0%| F|  |TAMS 0x00000000e5400000, 0x00000000e5400000| Untracked 
|  85|0x00000000e5500000, 0x00000000e5500000, 0x00000000e5600000|  0%| F|  |TAMS 0x00000000e5500000, 0x00000000e5500000| Untracked 
|  86|0x00000000e5600000, 0x00000000e5600000, 0x00000000e5700000|  0%| F|  |TAMS 0x00000000e5600000, 0x00000000e5600000| Untracked 
|  87|0x00000000e5700000, 0x00000000e5700000, 0x00000000e5800000|  0%| F|  |TAMS 0x00000000e5700000, 0x00000000e5700000| Untracked 
|  88|0x00000000e5800000, 0x00000000e5800000, 0x00000000e5900000|  0%| F|  |TAMS 0x00000000e5800000, 0x00000000e5800000| Untracked 
|  89|0x00000000e5900000, 0x00000000e5900000, 0x00000000e5a00000|  0%| F|  |TAMS 0x00000000e5900000, 0x00000000e5900000| Untracked 
|  90|0x00000000e5a00000, 0x00000000e5a00000, 0x00000000e5b00000|  0%| F|  |TAMS 0x00000000e5a00000, 0x00000000e5a00000| Untracked 
|  91|0x00000000e5b00000, 0x00000000e5b00000, 0x00000000e5c00000|  0%| F|  |TAMS 0x00000000e5b00000, 0x00000000e5b00000| Untracked 
|  92|0x00000000e5c00000, 0x00000000e5c00000, 0x00000000e5d00000|  0%| F|  |TAMS 0x00000000e5c00000, 0x00000000e5c00000| Untracked 
|  93|0x00000000e5d00000, 0x00000000e5d00000, 0x00000000e5e00000|  0%| F|  |TAMS 0x00000000e5d00000, 0x00000000e5d00000| Untracked 
|  94|0x00000000e5e00000, 0x00000000e5e00000, 0x00000000e5f00000|  0%| F|  |TAMS 0x00000000e5e00000, 0x00000000e5e00000| Untracked 
|  95|0x00000000e5f00000, 0x00000000e5f00000, 0x00000000e6000000|  0%| F|  |TAMS 0x00000000e5f00000, 0x00000000e5f00000| Untracked 
|  96|0x00000000e6000000, 0x00000000e6000000, 0x00000000e6100000|  0%| F|  |TAMS 0x00000000e6000000, 0x00000000e6000000| Untracked 
|  97|0x00000000e6100000, 0x00000000e6100000, 0x00000000e6200000|  0%| F|  |TAMS 0x00000000e6100000, 0x00000000e6100000| Untracked 
|  98|0x00000000e6200000, 0x00000000e6200000, 0x00000000e6300000|  0%| F|  |TAMS 0x00000000e6200000, 0x00000000e6200000| Untracked 
|  99|0x00000000e6300000, 0x00000000e6300000, 0x00000000e6400000|  0%| F|  |TAMS 0x00000000e6300000, 0x00000000e6300000| Untracked 
| 100|0x00000000e6400000, 0x00000000e6400000, 0x00000000e6500000|  0%| F|  |TAMS 0x00000000e6400000, 0x00000000e6400000| Untracked 
| 101|0x00000000e6500000, 0x00000000e6500000, 0x00000000e6600000|  0%| F|  |TAMS 0x00000000e6500000, 0x00000000e6500000| Untracked 
| 102|0x00000000e6600000, 0x00000000e6600000, 0x00000000e6700000|  0%| F|  |TAMS 0x00000000e6600000, 0x00000000e6600000| Untracked 
| 103|0x00000000e6700000, 0x00000000e6700000, 0x00000000e6800000|  0%| F|  |TAMS 0x00000000e6700000, 0x00000000e6700000| Untracked 
| 104|0x00000000e6800000, 0x00000000e6800000, 0x00000000e6900000|  0%| F|  |TAMS 0x00000000e6800000, 0x00000000e6800000| Untracked 
| 105|0x00000000e6900000, 0x00000000e6900000, 0x00000000e6a00000|  0%| F|  |TAMS 0x00000000e6900000, 0x00000000e6900000| Untracked 
| 106|0x00000000e6a00000, 0x00000000e6a00000, 0x00000000e6b00000|  0%| F|  |TAMS 0x00000000e6a00000, 0x00000000e6a00000| Untracked 
| 107|0x00000000e6b00000, 0x00000000e6b00000, 0x00000000e6c00000|  0%| F|  |TAMS 0x00000000e6b00000, 0x00000000e6b00000| Untracked 
| 108|0x00000000e6c00000, 0x00000000e6c00000, 0x00000000e6d00000|  0%| F|  |TAMS 0x00000000e6c00000, 0x00000000e6c00000| Untracked 
| 109|0x00000000e6d00000, 0x00000000e6d00000, 0x00000000e6e00000|  0%| F|  |TAMS 0x00000000e6d00000, 0x00000000e6d00000| Untracked 
| 110|0x00000000e6e00000, 0x00000000e6e00000, 0x00000000e6f00000|  0%| F|  |TAMS 0x00000000e6e00000, 0x00000000e6e00000| Untracked 
| 111|0x00000000e6f00000, 0x00000000e6f00000, 0x00000000e7000000|  0%| F|  |TAMS 0x00000000e6f00000, 0x00000000e6f00000| Untracked 
| 112|0x00000000e7000000, 0x00000000e7000000, 0x00000000e7100000|  0%| F|  |TAMS 0x00000000e7000000, 0x00000000e7000000| Untracked 
| 113|0x00000000e7100000, 0x00000000e7100000, 0x00000000e7200000|  0%| F|  |TAMS 0x00000000e7100000, 0x00000000e7100000| Untracked 
| 114|0x00000000e7200000, 0x00000000e7200000, 0x00000000e7300000|  0%| F|  |TAMS 0x00000000e7200000, 0x00000000e7200000| Untracked 
| 115|0x00000000e7300000, 0x00000000e7300000, 0x00000000e7400000|  0%| F|  |TAMS 0x00000000e7300000, 0x00000000e7300000| Untracked 
| 116|0x00000000e7400000, 0x00000000e7400000, 0x00000000e7500000|  0%| F|  |TAMS 0x00000000e7400000, 0x00000000e7400000| Untracked 
| 117|0x00000000e7500000, 0x00000000e7500000, 0x00000000e7600000|  0%| F|  |TAMS 0x00000000e7500000, 0x00000000e7500000| Untracked 
| 118|0x00000000e7600000, 0x00000000e7600000, 0x00000000e7700000|  0%| F|  |TAMS 0x00000000e7600000, 0x00000000e7600000| Untracked 
| 119|0x00000000e7700000, 0x00000000e7700000, 0x00000000e7800000|  0%| F|  |TAMS 0x00000000e7700000, 0x00000000e7700000| Untracked 
| 120|0x00000000e7800000, 0x00000000e7800000, 0x00000000e7900000|  0%| F|  |TAMS 0x00000000e7800000, 0x00000000e7800000| Untracked 
| 121|0x00000000e7900000, 0x00000000e7900000, 0x00000000e7a00000|  0%| F|  |TAMS 0x00000000e7900000, 0x00000000e7900000| Untracked 
| 122|0x00000000e7a00000, 0x00000000e7a00000, 0x00000000e7b00000|  0%| F|  |TAMS 0x00000000e7a00000, 0x00000000e7a00000| Untracked 
| 123|0x00000000e7b00000, 0x00000000e7b00000, 0x00000000e7c00000|  0%| F|  |TAMS 0x00000000e7b00000, 0x00000000e7b00000| Untracked 
| 124|0x00000000e7c00000, 0x00000000e7c00000, 0x00000000e7d00000|  0%| F|  |TAMS 0x00000000e7c00000, 0x00000000e7c00000| Untracked 
| 125|0x00000000e7d00000, 0x00000000e7d00000, 0x00000000e7e00000|  0%| F|  |TAMS 0x00000000e7d00000, 0x00000000e7d00000| Untracked 
| 126|0x00000000e7e00000, 0x00000000e7e00000, 0x00000000e7f00000|  0%| F|  |TAMS 0x00000000e7e00000, 0x00000000e7e00000| Untracked 
| 127|0x00000000e7f00000, 0x00000000e7f00000, 0x00000000e8000000|  0%| F|  |TAMS 0x00000000e7f00000, 0x00000000e7f00000| Untracked 
| 128|0x00000000e8000000, 0x00000000e8000000, 0x00000000e8100000|  0%| F|  |TAMS 0x00000000e8000000, 0x00000000e8000000| Untracked 
| 129|0x00000000e8100000, 0x00000000e8100000, 0x00000000e8200000|  0%| F|  |TAMS 0x00000000e8100000, 0x00000000e8100000| Untracked 
| 130|0x00000000e8200000, 0x00000000e8200000, 0x00000000e8300000|  0%| F|  |TAMS 0x00000000e8200000, 0x00000000e8200000| Untracked 
| 131|0x00000000e8300000, 0x00000000e8300000, 0x00000000e8400000|  0%| F|  |TAMS 0x00000000e8300000, 0x00000000e8300000| Untracked 
| 132|0x00000000e8400000, 0x00000000e8400000, 0x00000000e8500000|  0%| F|  |TAMS 0x00000000e8400000, 0x00000000e8400000| Untracked 
| 133|0x00000000e8500000, 0x00000000e8500000, 0x00000000e8600000|  0%| F|  |TAMS 0x00000000e8500000, 0x00000000e8500000| Untracked 
| 134|0x00000000e8600000, 0x00000000e8600000, 0x00000000e8700000|  0%| F|  |TAMS 0x00000000e8600000, 0x00000000e8600000| Untracked 
| 135|0x00000000e8700000, 0x00000000e8700000, 0x00000000e8800000|  0%| F|  |TAMS 0x00000000e8700000, 0x00000000e8700000| Untracked 
| 136|0x00000000e8800000, 0x00000000e8800000, 0x00000000e8900000|  0%| F|  |TAMS 0x00000000e8800000, 0x00000000e8800000| Untracked 
| 137|0x00000000e8900000, 0x00000000e8900000, 0x00000000e8a00000|  0%| F|  |TAMS 0x00000000e8900000, 0x00000000e8900000| Untracked 
| 138|0x00000000e8a00000, 0x00000000e8a00000, 0x00000000e8b00000|  0%| F|  |TAMS 0x00000000e8a00000, 0x00000000e8a00000| Untracked 
| 139|0x00000000e8b00000, 0x00000000e8b00000, 0x00000000e8c00000|  0%| F|  |TAMS 0x00000000e8b00000, 0x00000000e8b00000| Untracked 
| 140|0x00000000e8c00000, 0x00000000e8c00000, 0x00000000e8d00000|  0%| F|  |TAMS 0x00000000e8c00000, 0x00000000e8c00000| Untracked 
| 141|0x00000000e8d00000, 0x00000000e8d00000, 0x00000000e8e00000|  0%| F|  |TAMS 0x00000000e8d00000, 0x00000000e8d00000| Untracked 
| 142|0x00000000e8e00000, 0x00000000e8e00000, 0x00000000e8f00000|  0%| F|  |TAMS 0x00000000e8e00000, 0x00000000e8e00000| Untracked 
| 143|0x00000000e8f00000, 0x00000000e8f00000, 0x00000000e9000000|  0%| F|  |TAMS 0x00000000e8f00000, 0x00000000e8f00000| Untracked 
| 144|0x00000000e9000000, 0x00000000e9000000, 0x00000000e9100000|  0%| F|  |TAMS 0x00000000e9000000, 0x00000000e9000000| Untracked 
| 145|0x00000000e9100000, 0x00000000e9100000, 0x00000000e9200000|  0%| F|  |TAMS 0x00000000e9100000, 0x00000000e9100000| Untracked 
| 146|0x00000000e9200000, 0x00000000e9200000, 0x00000000e9300000|  0%| F|  |TAMS 0x00000000e9200000, 0x00000000e9200000| Untracked 
| 147|0x00000000e9300000, 0x00000000e9300000, 0x00000000e9400000|  0%| F|  |TAMS 0x00000000e9300000, 0x00000000e9300000| Untracked 
| 148|0x00000000e9400000, 0x00000000e9400000, 0x00000000e9500000|  0%| F|  |TAMS 0x00000000e9400000, 0x00000000e9400000| Untracked 
| 149|0x00000000e9500000, 0x00000000e9500000, 0x00000000e9600000|  0%| F|  |TAMS 0x00000000e9500000, 0x00000000e9500000| Untracked 
| 150|0x00000000e9600000, 0x00000000e9600000, 0x00000000e9700000|  0%| F|  |TAMS 0x00000000e9600000, 0x00000000e9600000| Untracked 
| 151|0x00000000e9700000, 0x00000000e9700000, 0x00000000e9800000|  0%| F|  |TAMS 0x00000000e9700000, 0x00000000e9700000| Untracked 
| 152|0x00000000e9800000, 0x00000000e9800000, 0x00000000e9900000|  0%| F|  |TAMS 0x00000000e9800000, 0x00000000e9800000| Untracked 
| 153|0x00000000e9900000, 0x00000000e9900000, 0x00000000e9a00000|  0%| F|  |TAMS 0x00000000e9900000, 0x00000000e9900000| Untracked 
| 154|0x00000000e9a00000, 0x00000000e9a00000, 0x00000000e9b00000|  0%| F|  |TAMS 0x00000000e9a00000, 0x00000000e9a00000| Untracked 
| 155|0x00000000e9b00000, 0x00000000e9b00000, 0x00000000e9c00000|  0%| F|  |TAMS 0x00000000e9b00000, 0x00000000e9b00000| Untracked 
| 156|0x00000000e9c00000, 0x00000000e9c00000, 0x00000000e9d00000|  0%| F|  |TAMS 0x00000000e9c00000, 0x00000000e9c00000| Untracked 
| 157|0x00000000e9d00000, 0x00000000e9d00000, 0x00000000e9e00000|  0%| F|  |TAMS 0x00000000e9d00000, 0x00000000e9d00000| Untracked 
| 158|0x00000000e9e00000, 0x00000000e9e00000, 0x00000000e9f00000|  0%| F|  |TAMS 0x00000000e9e00000, 0x00000000e9e00000| Untracked 
| 159|0x00000000e9f00000, 0x00000000e9f00000, 0x00000000ea000000|  0%| F|  |TAMS 0x00000000e9f00000, 0x00000000e9f00000| Untracked 
| 160|0x00000000ea000000, 0x00000000ea000000, 0x00000000ea100000|  0%| F|  |TAMS 0x00000000ea000000, 0x00000000ea000000| Untracked 
| 161|0x00000000ea100000, 0x00000000ea100000, 0x00000000ea200000|  0%| F|  |TAMS 0x00000000ea100000, 0x00000000ea100000| Untracked 
| 162|0x00000000ea200000, 0x00000000ea200000, 0x00000000ea300000|  0%| F|  |TAMS 0x00000000ea200000, 0x00000000ea200000| Untracked 
| 163|0x00000000ea300000, 0x00000000ea300000, 0x00000000ea400000|  0%| F|  |TAMS 0x00000000ea300000, 0x00000000ea300000| Untracked 
| 164|0x00000000ea400000, 0x00000000ea400000, 0x00000000ea500000|  0%| F|  |TAMS 0x00000000ea400000, 0x00000000ea400000| Untracked 
| 165|0x00000000ea500000, 0x00000000ea500000, 0x00000000ea600000|  0%| F|  |TAMS 0x00000000ea500000, 0x00000000ea500000| Untracked 
| 166|0x00000000ea600000, 0x00000000ea600000, 0x00000000ea700000|  0%| F|  |TAMS 0x00000000ea600000, 0x00000000ea600000| Untracked 
| 167|0x00000000ea700000, 0x00000000ea700000, 0x00000000ea800000|  0%| F|  |TAMS 0x00000000ea700000, 0x00000000ea700000| Untracked 
| 168|0x00000000ea800000, 0x00000000ea800000, 0x00000000ea900000|  0%| F|  |TAMS 0x00000000ea800000, 0x00000000ea800000| Untracked 
| 169|0x00000000ea900000, 0x00000000ea900000, 0x00000000eaa00000|  0%| F|  |TAMS 0x00000000ea900000, 0x00000000ea900000| Untracked 
| 170|0x00000000eaa00000, 0x00000000eaa00000, 0x00000000eab00000|  0%| F|  |TAMS 0x00000000eaa00000, 0x00000000eaa00000| Untracked 
| 171|0x00000000eab00000, 0x00000000eab00000, 0x00000000eac00000|  0%| F|  |TAMS 0x00000000eab00000, 0x00000000eab00000| Untracked 
| 172|0x00000000eac00000, 0x00000000eac00000, 0x00000000ead00000|  0%| F|  |TAMS 0x00000000eac00000, 0x00000000eac00000| Untracked 
| 173|0x00000000ead00000, 0x00000000ead00000, 0x00000000eae00000|  0%| F|  |TAMS 0x00000000ead00000, 0x00000000ead00000| Untracked 
| 174|0x00000000eae00000, 0x00000000eae00000, 0x00000000eaf00000|  0%| F|  |TAMS 0x00000000eae00000, 0x00000000eae00000| Untracked 
| 175|0x00000000eaf00000, 0x00000000eaf00000, 0x00000000eb000000|  0%| F|  |TAMS 0x00000000eaf00000, 0x00000000eaf00000| Untracked 
| 176|0x00000000eb000000, 0x00000000eb000000, 0x00000000eb100000|  0%| F|  |TAMS 0x00000000eb000000, 0x00000000eb000000| Untracked 
| 177|0x00000000eb100000, 0x00000000eb100000, 0x00000000eb200000|  0%| F|  |TAMS 0x00000000eb100000, 0x00000000eb100000| Untracked 
| 178|0x00000000eb200000, 0x00000000eb200000, 0x00000000eb300000|  0%| F|  |TAMS 0x00000000eb200000, 0x00000000eb200000| Untracked 
| 179|0x00000000eb300000, 0x00000000eb300000, 0x00000000eb400000|  0%| F|  |TAMS 0x00000000eb300000, 0x00000000eb300000| Untracked 
| 180|0x00000000eb400000, 0x00000000eb400000, 0x00000000eb500000|  0%| F|  |TAMS 0x00000000eb400000, 0x00000000eb400000| Untracked 
| 181|0x00000000eb500000, 0x00000000eb500000, 0x00000000eb600000|  0%| F|  |TAMS 0x00000000eb500000, 0x00000000eb500000| Untracked 
| 182|0x00000000eb600000, 0x00000000eb600000, 0x00000000eb700000|  0%| F|  |TAMS 0x00000000eb600000, 0x00000000eb600000| Untracked 
| 183|0x00000000eb700000, 0x00000000eb700000, 0x00000000eb800000|  0%| F|  |TAMS 0x00000000eb700000, 0x00000000eb700000| Untracked 
| 184|0x00000000eb800000, 0x00000000eb800000, 0x00000000eb900000|  0%| F|  |TAMS 0x00000000eb800000, 0x00000000eb800000| Untracked 
| 185|0x00000000eb900000, 0x00000000eb900000, 0x00000000eba00000|  0%| F|  |TAMS 0x00000000eb900000, 0x00000000eb900000| Untracked 
| 186|0x00000000eba00000, 0x00000000eba00000, 0x00000000ebb00000|  0%| F|  |TAMS 0x00000000eba00000, 0x00000000eba00000| Untracked 
| 187|0x00000000ebb00000, 0x00000000ebb00000, 0x00000000ebc00000|  0%| F|  |TAMS 0x00000000ebb00000, 0x00000000ebb00000| Untracked 
| 188|0x00000000ebc00000, 0x00000000ebc00000, 0x00000000ebd00000|  0%| F|  |TAMS 0x00000000ebc00000, 0x00000000ebc00000| Untracked 
| 189|0x00000000ebd00000, 0x00000000ebd00000, 0x00000000ebe00000|  0%| F|  |TAMS 0x00000000ebd00000, 0x00000000ebd00000| Untracked 
| 190|0x00000000ebe00000, 0x00000000ebe00000, 0x00000000ebf00000|  0%| F|  |TAMS 0x00000000ebe00000, 0x00000000ebe00000| Untracked 
| 191|0x00000000ebf00000, 0x00000000ebf00000, 0x00000000ec000000|  0%| F|  |TAMS 0x00000000ebf00000, 0x00000000ebf00000| Untracked 
| 192|0x00000000ec000000, 0x00000000ec000000, 0x00000000ec100000|  0%| F|  |TAMS 0x00000000ec000000, 0x00000000ec000000| Untracked 
| 193|0x00000000ec100000, 0x00000000ec100000, 0x00000000ec200000|  0%| F|  |TAMS 0x00000000ec100000, 0x00000000ec100000| Untracked 
| 194|0x00000000ec200000, 0x00000000ec200000, 0x00000000ec300000|  0%| F|  |TAMS 0x00000000ec200000, 0x00000000ec200000| Untracked 
| 195|0x00000000ec300000, 0x00000000ec300000, 0x00000000ec400000|  0%| F|  |TAMS 0x00000000ec300000, 0x00000000ec300000| Untracked 
| 196|0x00000000ec400000, 0x00000000ec400000, 0x00000000ec500000|  0%| F|  |TAMS 0x00000000ec400000, 0x00000000ec400000| Untracked 
| 197|0x00000000ec500000, 0x00000000ec500000, 0x00000000ec600000|  0%| F|  |TAMS 0x00000000ec500000, 0x00000000ec500000| Untracked 
| 198|0x00000000ec600000, 0x00000000ec693ab0, 0x00000000ec700000| 57%| E|  |TAMS 0x00000000ec600000, 0x00000000ec600000| Complete 
| 199|0x00000000ec700000, 0x00000000ec800000, 0x00000000ec800000|100%| E|CS|TAMS 0x00000000ec700000, 0x00000000ec700000| Complete 
| 200|0x00000000ec800000, 0x00000000ec900000, 0x00000000ec900000|100%| E|CS|TAMS 0x00000000ec800000, 0x00000000ec800000| Complete 
| 201|0x00000000ec900000, 0x00000000eca00000, 0x00000000eca00000|100%| E|CS|TAMS 0x00000000ec900000, 0x00000000ec900000| Complete 
| 202|0x00000000eca00000, 0x00000000ecb00000, 0x00000000ecb00000|100%| E|CS|TAMS 0x00000000eca00000, 0x00000000eca00000| Complete 
| 203|0x00000000ecb00000, 0x00000000ecc00000, 0x00000000ecc00000|100%| E|CS|TAMS 0x00000000ecb00000, 0x00000000ecb00000| Complete 
| 204|0x00000000ecc00000, 0x00000000ecd00000, 0x00000000ecd00000|100%| E|CS|TAMS 0x00000000ecc00000, 0x00000000ecc00000| Complete 
| 205|0x00000000ecd00000, 0x00000000ece00000, 0x00000000ece00000|100%| E|  |TAMS 0x00000000ecd00000, 0x00000000ecd00000| Complete 
| 206|0x00000000ece00000, 0x00000000ecf00000, 0x00000000ecf00000|100%| E|CS|TAMS 0x00000000ece00000, 0x00000000ece00000| Complete 
| 207|0x00000000ecf00000, 0x00000000ed000000, 0x00000000ed000000|100%| E|CS|TAMS 0x00000000ecf00000, 0x00000000ecf00000| Complete 
| 208|0x00000000ed000000, 0x00000000ed100000, 0x00000000ed100000|100%| E|CS|TAMS 0x00000000ed000000, 0x00000000ed000000| Complete 
| 209|0x00000000ed100000, 0x00000000ed1c0468, 0x00000000ed200000| 75%| S|CS|TAMS 0x00000000ed100000, 0x00000000ed100000| Complete 
| 210|0x00000000ed200000, 0x00000000ed300000, 0x00000000ed300000|100%| S|CS|TAMS 0x00000000ed200000, 0x00000000ed200000| Complete 
| 211|0x00000000ed300000, 0x00000000ed400000, 0x00000000ed400000|100%| S|CS|TAMS 0x00000000ed300000, 0x00000000ed300000| Complete 
| 212|0x00000000ed400000, 0x00000000ed500000, 0x00000000ed500000|100%| E|CS|TAMS 0x00000000ed400000, 0x00000000ed400000| Complete 
| 213|0x00000000ed500000, 0x00000000ed600000, 0x00000000ed600000|100%| E|CS|TAMS 0x00000000ed500000, 0x00000000ed500000| Complete 
| 214|0x00000000ed600000, 0x00000000ed700000, 0x00000000ed700000|100%| E|CS|TAMS 0x00000000ed600000, 0x00000000ed600000| Complete 
| 215|0x00000000ed700000, 0x00000000ed800000, 0x00000000ed800000|100%| E|CS|TAMS 0x00000000ed700000, 0x00000000ed700000| Complete 
| 216|0x00000000ed800000, 0x00000000ed900000, 0x00000000ed900000|100%| E|CS|TAMS 0x00000000ed800000, 0x00000000ed800000| Complete 
| 217|0x00000000ed900000, 0x00000000eda00000, 0x00000000eda00000|100%| E|CS|TAMS 0x00000000ed900000, 0x00000000ed900000| Complete 
| 218|0x00000000eda00000, 0x00000000edb00000, 0x00000000edb00000|100%| E|CS|TAMS 0x00000000eda00000, 0x00000000eda00000| Complete 
| 219|0x00000000edb00000, 0x00000000edc00000, 0x00000000edc00000|100%| E|CS|TAMS 0x00000000edb00000, 0x00000000edb00000| Complete 
| 220|0x00000000edc00000, 0x00000000edd00000, 0x00000000edd00000|100%| E|CS|TAMS 0x00000000edc00000, 0x00000000edc00000| Complete 
| 221|0x00000000edd00000, 0x00000000ede00000, 0x00000000ede00000|100%| E|CS|TAMS 0x00000000edd00000, 0x00000000edd00000| Complete 
| 222|0x00000000ede00000, 0x00000000edf00000, 0x00000000edf00000|100%| E|CS|TAMS 0x00000000ede00000, 0x00000000ede00000| Complete 
| 223|0x00000000edf00000, 0x00000000ee000000, 0x00000000ee000000|100%| E|CS|TAMS 0x00000000edf00000, 0x00000000edf00000| Complete 
| 224|0x00000000ee000000, 0x00000000ee100000, 0x00000000ee100000|100%| E|CS|TAMS 0x00000000ee000000, 0x00000000ee000000| Complete 
| 225|0x00000000ee100000, 0x00000000ee200000, 0x00000000ee200000|100%| E|CS|TAMS 0x00000000ee100000, 0x00000000ee100000| Complete 
| 226|0x00000000ee200000, 0x00000000ee300000, 0x00000000ee300000|100%| E|CS|TAMS 0x00000000ee200000, 0x00000000ee200000| Complete 
| 227|0x00000000ee300000, 0x00000000ee400000, 0x00000000ee400000|100%| E|CS|TAMS 0x00000000ee300000, 0x00000000ee300000| Complete 
| 228|0x00000000ee400000, 0x00000000ee500000, 0x00000000ee500000|100%| E|CS|TAMS 0x00000000ee400000, 0x00000000ee400000| Complete 
| 229|0x00000000ee500000, 0x00000000ee600000, 0x00000000ee600000|100%| E|CS|TAMS 0x00000000ee500000, 0x00000000ee500000| Complete 
| 230|0x00000000ee600000, 0x00000000ee700000, 0x00000000ee700000|100%| E|CS|TAMS 0x00000000ee600000, 0x00000000ee600000| Complete 
| 231|0x00000000ee700000, 0x00000000ee800000, 0x00000000ee800000|100%| E|CS|TAMS 0x00000000ee700000, 0x00000000ee700000| Complete 
| 232|0x00000000ee800000, 0x00000000ee900000, 0x00000000ee900000|100%| E|CS|TAMS 0x00000000ee800000, 0x00000000ee800000| Complete 
| 233|0x00000000ee900000, 0x00000000eea00000, 0x00000000eea00000|100%| E|CS|TAMS 0x00000000ee900000, 0x00000000ee900000| Complete 
| 234|0x00000000eea00000, 0x00000000eeb00000, 0x00000000eeb00000|100%| E|CS|TAMS 0x00000000eea00000, 0x00000000eea00000| Complete 
| 235|0x00000000eeb00000, 0x00000000eec00000, 0x00000000eec00000|100%| E|CS|TAMS 0x00000000eeb00000, 0x00000000eeb00000| Complete 
| 236|0x00000000eec00000, 0x00000000eed00000, 0x00000000eed00000|100%| E|CS|TAMS 0x00000000eec00000, 0x00000000eec00000| Complete 
| 237|0x00000000eed00000, 0x00000000eee00000, 0x00000000eee00000|100%| E|CS|TAMS 0x00000000eed00000, 0x00000000eed00000| Complete 
| 238|0x00000000eee00000, 0x00000000eef00000, 0x00000000eef00000|100%| E|CS|TAMS 0x00000000eee00000, 0x00000000eee00000| Complete 
| 239|0x00000000eef00000, 0x00000000ef000000, 0x00000000ef000000|100%| E|CS|TAMS 0x00000000eef00000, 0x00000000eef00000| Complete 
| 240|0x00000000ef000000, 0x00000000ef100000, 0x00000000ef100000|100%| E|CS|TAMS 0x00000000ef000000, 0x00000000ef000000| Complete 
| 241|0x00000000ef100000, 0x00000000ef200000, 0x00000000ef200000|100%| E|CS|TAMS 0x00000000ef100000, 0x00000000ef100000| Complete 
| 242|0x00000000ef200000, 0x00000000ef300000, 0x00000000ef300000|100%| E|CS|TAMS 0x00000000ef200000, 0x00000000ef200000| Complete 
| 243|0x00000000ef300000, 0x00000000ef400000, 0x00000000ef400000|100%| E|CS|TAMS 0x00000000ef300000, 0x00000000ef300000| Complete 
| 244|0x00000000ef400000, 0x00000000ef500000, 0x00000000ef500000|100%| E|CS|TAMS 0x00000000ef400000, 0x00000000ef400000| Complete 
| 245|0x00000000ef500000, 0x00000000ef600000, 0x00000000ef600000|100%| E|CS|TAMS 0x00000000ef500000, 0x00000000ef500000| Complete 
| 246|0x00000000ef600000, 0x00000000ef700000, 0x00000000ef700000|100%| E|CS|TAMS 0x00000000ef600000, 0x00000000ef600000| Complete 
| 247|0x00000000ef700000, 0x00000000ef800000, 0x00000000ef800000|100%| E|CS|TAMS 0x00000000ef700000, 0x00000000ef700000| Complete 
| 248|0x00000000ef800000, 0x00000000ef900000, 0x00000000ef900000|100%| E|CS|TAMS 0x00000000ef800000, 0x00000000ef800000| Complete 
| 249|0x00000000ef900000, 0x00000000efa00000, 0x00000000efa00000|100%| E|CS|TAMS 0x00000000ef900000, 0x00000000ef900000| Complete 
| 250|0x00000000efa00000, 0x00000000efb00000, 0x00000000efb00000|100%| E|CS|TAMS 0x00000000efa00000, 0x00000000efa00000| Complete 
| 251|0x00000000efb00000, 0x00000000efc00000, 0x00000000efc00000|100%| E|CS|TAMS 0x00000000efb00000, 0x00000000efb00000| Complete 
| 252|0x00000000efc00000, 0x00000000efd00000, 0x00000000efd00000|100%| E|CS|TAMS 0x00000000efc00000, 0x00000000efc00000| Complete 
| 253|0x00000000efd00000, 0x00000000efe00000, 0x00000000efe00000|100%| E|CS|TAMS 0x00000000efd00000, 0x00000000efd00000| Complete 
| 254|0x00000000efe00000, 0x00000000eff00000, 0x00000000eff00000|100%| E|CS|TAMS 0x00000000efe00000, 0x00000000efe00000| Complete 
| 255|0x00000000eff00000, 0x00000000f0000000, 0x00000000f0000000|100%| E|CS|TAMS 0x00000000eff00000, 0x00000000eff00000| Complete 

Card table byte_map: [0x000001feb07b0000,0x000001feb08b0000] _byte_map_base: 0x000001feb00b0000

Marking Bits (Prev, Next): (CMBitMap*) 0x000001fe993e4b68, (CMBitMap*) 0x000001fe993e4ba8
 Prev Bits: [0x000001feb09b0000, 0x000001feb11b0000)
 Next Bits: [0x000001feb11b0000, 0x000001feb19b0000)

Polling page: 0x000001fe972a0000

Metaspace:

Usage:
  Non-class:     16.75 MB capacity,    16.31 MB ( 97%) used,   408.60 KB (  2%) free+waste,    39.06 KB ( <1%) overhead. 
      Class:      3.03 MB capacity,     2.82 MB ( 93%) used,   192.76 KB (  6%) free+waste,    20.88 KB ( <1%) overhead. 
       Both:     19.78 MB capacity,    19.13 MB ( 97%) used,   601.36 KB (  3%) free+waste,    59.94 KB ( <1%) overhead. 

Virtual space:
  Non-class space:       18.00 MB reserved,      16.75 MB ( 93%) committed 
      Class space:      248.00 MB reserved,       3.13 MB (  1%) committed 
             Both:      266.00 MB reserved,      19.88 MB (  7%) committed 

Chunk freelists:
   Non-Class:  0 bytes
       Class:  512 bytes
        Both:  512 bytes

CodeHeap 'non-profiled nmethods': size=120064Kb used=954Kb max_used=954Kb free=119109Kb
 bounds [0x000001fea9270000, 0x000001fea94e0000, 0x000001feb07b0000]
CodeHeap 'profiled nmethods': size=120000Kb used=4498Kb max_used=4498Kb free=115501Kb
 bounds [0x000001fea1d40000, 0x000001fea21b0000, 0x000001fea9270000]
CodeHeap 'non-nmethods': size=5696Kb used=1505Kb max_used=1505Kb free=4190Kb
 bounds [0x000001fea17b0000, 0x000001fea1a20000, 0x000001fea1d40000]
 total_blobs=3421 nmethods=2089 adapters=508
 compilation: enabled
              stopped_count=0, restarted_count=0
 full_count=0

Compilation events (10 events):
Event: 13.675 Thread 0x000001feb3fca800 2297       3       java.util.concurrent.ConcurrentHashMap::tableSizeFor (32 bytes)
Event: 13.675 Thread 0x000001feb3fca800 nmethod 2297 0x000001fea21a3810 code [0x000001fea21a39e0, 0x000001fea21a3c30]
Event: 13.719 Thread 0x000001feb3fca800 2298       3       java.lang.invoke.StringConcatFactory$Stringifiers$ObjectStringifier::valueOf (20 bytes)
Event: 13.719 Thread 0x000001feb3fca800 nmethod 2298 0x000001fea21a3d10 code [0x000001fea21a3ee0, 0x000001fea21a4190]
Event: 13.765 Thread 0x000001feb3fca800 2299       3       java.util.concurrent.ConcurrentHashMap::<init> (73 bytes)
Event: 13.766 Thread 0x000001feb3fca800 nmethod 2299 0x000001fea21a4290 code [0x000001fea21a44c0, 0x000001fea21a4ac0]
Event: 13.775 Thread 0x000001feb3fca800 2300       3       java.util.regex.Pattern$BmpCharPredicate$$Lambda$12/0x0000000801205c40::is (13 bytes)
Event: 13.775 Thread 0x000001feb3fca800 nmethod 2300 0x000001fea21a4c90 code [0x000001fea21a4e80, 0x000001fea21a5320]
Event: 13.775 Thread 0x000001feb3fca800 2301       3       java.util.regex.Pattern$BmpCharPredicate::lambda$union$2 (26 bytes)
Event: 13.776 Thread 0x000001feb3fca800 nmethod 2301 0x000001fea21a5490 code [0x000001fea21a5660, 0x000001fea21a5a20]

GC Heap History (8 events):
Event: 1.207 GC heap before
{Heap before GC invocations=0 (full 0):
 garbage-first heap   total 262144K, used 19456K [0x00000000e0000000, 0x0000000100000000)
  region size 1024K, 14 young (14336K), 0 survivors (0K)
 Metaspace       used 2530K, capacity 5729K, committed 5760K, reserved 262144K
  class space    used 313K, capacity 633K, committed 640K, reserved 253952K
}
Event: 1.226 GC heap after
{Heap after GC invocations=1 (full 0):
 garbage-first heap   total 262144K, used 8031K [0x00000000e0000000, 0x0000000100000000)
  region size 1024K, 2 young (2048K), 2 survivors (2048K)
 Metaspace       used 2530K, capacity 5729K, committed 5760K, reserved 262144K
  class space    used 313K, capacity 633K, committed 640K, reserved 253952K
}
Event: 1.739 GC heap before
{Heap before GC invocations=1 (full 0):
 garbage-first heap   total 262144K, used 18271K [0x00000000e0000000, 0x0000000100000000)
  region size 1024K, 12 young (12288K), 2 survivors (2048K)
 Metaspace       used 3838K, capacity 6647K, committed 6656K, reserved 262144K
  class space    used 494K, capacity 768K, committed 768K, reserved 253952K
}
Event: 1.742 GC heap after
{Heap after GC invocations=2 (full 0):
 garbage-first heap   total 262144K, used 8550K [0x00000000e0000000, 0x0000000100000000)
  region size 1024K, 1 young (1024K), 1 survivors (1024K)
 Metaspace       used 3838K, capacity 6647K, committed 6656K, reserved 262144K
  class space    used 494K, capacity 768K, committed 768K, reserved 253952K
}
Event: 2.364 GC heap before
{Heap before GC invocations=2 (full 0):
 garbage-first heap   total 262144K, used 35174K [0x00000000e0000000, 0x0000000100000000)
  region size 1024K, 28 young (28672K), 1 survivors (1024K)
 Metaspace       used 4245K, capacity 6959K, committed 7040K, reserved 262144K
  class space    used 563K, capacity 872K, committed 896K, reserved 253952K
}
Event: 2.367 GC heap after
{Heap after GC invocations=3 (full 0):
 garbage-first heap   total 262144K, used 12640K [0x00000000e0000000, 0x0000000100000000)
  region size 1024K, 4 young (4096K), 4 survivors (4096K)
 Metaspace       used 4245K, capacity 6959K, committed 7040K, reserved 262144K
  class space    used 563K, capacity 872K, committed 896K, reserved 253952K
}
Event: 5.640 GC heap before
{Heap before GC invocations=3 (full 0):
 garbage-first heap   total 262144K, used 53600K [0x00000000e0000000, 0x0000000100000000)
  region size 1024K, 44 young (45056K), 4 survivors (4096K)
 Metaspace       used 11860K, capacity 12304K, committed 12416K, reserved 266240K
  class space    used 1710K, capacity 1873K, committed 1920K, reserved 253952K
}
Event: 5.646 GC heap after
{Heap after GC invocations=4 (full 0):
 garbage-first heap   total 262144K, used 15521K [0x00000000e0000000, 0x0000000100000000)
  region size 1024K, 3 young (3072K), 3 survivors (3072K)
 Metaspace       used 11860K, capacity 12304K, committed 12416K, reserved 266240K
  class space    used 1710K, capacity 1873K, committed 1920K, reserved 253952K
}

Deoptimization events (10 events):
Event: 6.947 Thread 0x000001feb58b0000 Uncommon trap: reason=unstable_if action=reinterpret pc=0x000001fea92c9a24 method=java.io.File.getName()Ljava/lang/String; @ 16 c2
Event: 6.948 Thread 0x000001feb58b0000 Uncommon trap: reason=unstable_if action=reinterpret pc=0x000001fea92c6c3c method=java.lang.String.substring(I)Ljava/lang/String; @ 34 c2
Event: 6.972 Thread 0x000001feb58b0000 Uncommon trap: reason=unstable_if action=reinterpret pc=0x000001fea92b86fc method=java.net.URI.match(CJJ)Z @ 19 c2
Event: 6.972 Thread 0x000001feb58b0000 Uncommon trap: reason=unstable_if action=reinterpret pc=0x000001fea928dce8 method=java.net.URI.match(CJJ)Z @ 19 c2
Event: 12.478 Thread 0x000001feb58b0000 Uncommon trap: reason=bimorphic_or_optimized_type_check action=maybe_recompile pc=0x000001fea931eb08 method=java.lang.ClassLoader.loadClass(Ljava/lang/String;Z)Ljava/lang/Class; @ 38 c2
Event: 12.585 Thread 0x000001feb58b0000 Uncommon trap: reason=bimorphic_or_optimized_type_check action=maybe_recompile pc=0x000001fea931eb08 method=java.lang.ClassLoader.loadClass(Ljava/lang/String;Z)Ljava/lang/Class; @ 38 c2
Event: 12.586 Thread 0x000001feb58b0000 Uncommon trap: reason=bimorphic_or_optimized_type_check action=maybe_recompile pc=0x000001fea931eb08 method=java.lang.ClassLoader.loadClass(Ljava/lang/String;Z)Ljava/lang/Class; @ 38 c2
Event: 12.586 Thread 0x000001feb58b0000 Uncommon trap: reason=bimorphic_or_optimized_type_check action=maybe_recompile pc=0x000001fea931eb08 method=java.lang.ClassLoader.loadClass(Ljava/lang/String;Z)Ljava/lang/Class; @ 38 c2
Event: 12.590 Thread 0x000001feb58b0000 Uncommon trap: reason=unstable_if action=reinterpret pc=0x000001fea9339cbc method=java.net.URLClassLoader.getAndVerifyPackage(Ljava/lang/String;Ljava/util/jar/Manifest;Ljava/net/URL;)Ljava/lang/Package; @ 62 c2
Event: 12.777 Thread 0x000001feb58b0000 Uncommon trap: reason=unstable_if action=reinterpret pc=0x000001fea92d19b4 method=java.util.zip.ZipFile$Source.initCEN(I)V @ 530 c2

Classes redefined (0 events):
No events

Internal exceptions (10 events):
Event: 13.419 Thread 0x000001feb58b0000 Exception <a 'java/lang/NoSuchMethodError'{0x00000000ed97c0c0}: <clinit>> (0x00000000ed97c0c0) thrown at [t:/workspace/open/src/hotspot/share/prims/jni.cpp, line 1362]
Event: 13.420 Thread 0x000001feb58b0000 Exception <a 'java/lang/NoSuchMethodError'{0x00000000ed985f50}: <clinit>> (0x00000000ed985f50) thrown at [t:/workspace/open/src/hotspot/share/prims/jni.cpp, line 1362]
Event: 13.420 Thread 0x000001feb58b0000 Exception <a 'java/lang/NoSuchMethodError'{0x00000000ed98fd00}: <clinit>> (0x00000000ed98fd00) thrown at [t:/workspace/open/src/hotspot/share/prims/jni.cpp, line 1362]
Event: 13.429 Thread 0x000001feb58b0000 Exception <a 'java/lang/NoSuchMethodError'{0x00000000ed83cc68}: <clinit>> (0x00000000ed83cc68) thrown at [t:/workspace/open/src/hotspot/share/prims/jni.cpp, line 1362]
Event: 13.429 Thread 0x000001feb58b0000 Exception <a 'java/lang/NoSuchMethodError'{0x00000000ed83f768}: <clinit>> (0x00000000ed83f768) thrown at [t:/workspace/open/src/hotspot/share/prims/jni.cpp, line 1362]
Event: 13.429 Thread 0x000001feb58b0000 Exception <a 'java/lang/NoSuchMethodError'{0x00000000ed840de0}: <clinit>> (0x00000000ed840de0) thrown at [t:/workspace/open/src/hotspot/share/prims/jni.cpp, line 1362]
Event: 13.430 Thread 0x000001feb58b0000 Exception <a 'java/lang/NoSuchMethodError'{0x00000000ed8423e8}: <clinit>> (0x00000000ed8423e8) thrown at [t:/workspace/open/src/hotspot/share/prims/jni.cpp, line 1362]
Event: 13.430 Thread 0x000001feb58b0000 Exception <a 'java/lang/NoSuchMethodError'{0x00000000ed843910}: <clinit>> (0x00000000ed843910) thrown at [t:/workspace/open/src/hotspot/share/prims/jni.cpp, line 1362]
Event: 13.430 Thread 0x000001feb58b0000 Exception <a 'java/lang/NoSuchMethodError'{0x00000000ed844d70}: <clinit>> (0x00000000ed844d70) thrown at [t:/workspace/open/src/hotspot/share/prims/jni.cpp, line 1362]
Event: 13.430 Thread 0x000001feb58b0000 Exception <a 'java/lang/NoSuchMethodError'{0x00000000ed846070}: <clinit>> (0x00000000ed846070) thrown at [t:/workspace/open/src/hotspot/share/prims/jni.cpp, line 1362]

Events (10 events):
Event: 13.971 loading class org/codehaus/groovy/ast/Parameter
Event: 13.971 loading class org/codehaus/groovy/ast/Parameter done
Event: 13.972 loading class org/codehaus/groovy/ast/ClassHelper
Event: 13.972 loading class org/codehaus/groovy/ast/ClassHelper done
Event: 13.974 loading class groovy/lang/GString
Event: 13.974 loading class groovy/lang/GString done
Event: 13.974 loading class groovy/lang/Buildable
Event: 13.974 loading class groovy/lang/Buildable done
Event: 13.993 loading class groovy/lang/Range
Event: 13.993 loading class groovy/lang/Range done


Dynamic libraries:
0x00007ff7e43a0000 - 0x00007ff7e43af000 	C:\Program Files\Java\jdk-12.0.1\bin\java.exe
0x00007ffe51840000 - 0x00007ffe51a30000 	C:\WINDOWS\SYSTEM32\ntdll.dll
0x00007ffe471e0000 - 0x00007ffe471f5000 	C:\Program Files\AVG\Antivirus\aswhook.dll
0x00007ffe4fa80000 - 0x00007ffe4fb32000 	C:\WINDOWS\System32\KERNEL32.DLL
0x00007ffe4eaa0000 - 0x00007ffe4ed43000 	C:\WINDOWS\System32\KERNELBASE.dll
0x00007ffe4bf30000 - 0x00007ffe4bfbf000 	C:\WINDOWS\SYSTEM32\apphelp.dll
0x00007ffe4e7d0000 - 0x00007ffe4e8ca000 	C:\WINDOWS\System32\ucrtbase.dll
0x00007ffe44fb0000 - 0x00007ffe44fc8000 	C:\Program Files\Java\jdk-12.0.1\bin\jli.dll
0x00007ffe4fcd0000 - 0x00007ffe4fd73000 	C:\WINDOWS\System32\ADVAPI32.dll
0x00007ffe4ff60000 - 0x00007ffe4fffe000 	C:\WINDOWS\System32\msvcrt.dll
0x00007ffe4fec0000 - 0x00007ffe4ff57000 	C:\WINDOWS\System32\sechost.dll
0x00007ffe513d0000 - 0x00007ffe514f0000 	C:\WINDOWS\System32\RPCRT4.dll
0x00007ffe50630000 - 0x00007ffe507c4000 	C:\WINDOWS\System32\USER32.dll
0x00007ffe4f860000 - 0x00007ffe4f881000 	C:\WINDOWS\System32\win32u.dll
0x00007ffe51040000 - 0x00007ffe51066000 	C:\WINDOWS\System32\GDI32.dll
0x00007ffe4ed50000 - 0x00007ffe4eee4000 	C:\WINDOWS\System32\gdi32full.dll
0x00007ffe4f7c0000 - 0x00007ffe4f85e000 	C:\WINDOWS\System32\msvcp_win.dll
0x00007ffe44f50000 - 0x00007ffe44f66000 	C:\Program Files\Java\jdk-12.0.1\bin\VCRUNTIME140.dll
0x00007ffe42140000 - 0x00007ffe423c5000 	C:\WINDOWS\WinSxS\amd64_microsoft.windows.common-controls_6595b64144ccf1df_6.0.18362.693_none_e6c1b3c11311d480\COMCTL32.dll
0x00007ffe51090000 - 0x00007ffe513c6000 	C:\WINDOWS\System32\combase.dll
0x00007ffe4efa0000 - 0x00007ffe4f020000 	C:\WINDOWS\System32\bcryptPrimitives.dll
0x00007ffe47a30000 - 0x00007ffe47a3a000 	C:\WINDOWS\SYSTEM32\VERSION.dll
0x00007ffe51010000 - 0x00007ffe5103e000 	C:\WINDOWS\System32\IMM32.DLL
0x00007ffe43380000 - 0x00007ffe4342a000 	C:\Program Files\Java\jdk-12.0.1\bin\msvcp140.dll
0x00007ffe02320000 - 0x00007ffe02e94000 	C:\Program Files\Java\jdk-12.0.1\bin\server\jvm.dll
0x00007ffe50f20000 - 0x00007ffe50f28000 	C:\WINDOWS\System32\PSAPI.DLL
0x00007ffe410e0000 - 0x00007ffe410e9000 	C:\WINDOWS\SYSTEM32\WSOCK32.dll
0x00007ffe4fd80000 - 0x00007ffe4fdef000 	C:\WINDOWS\System32\WS2_32.dll
0x00007ffe443e0000 - 0x00007ffe44404000 	C:\WINDOWS\SYSTEM32\WINMM.dll
0x00007ffe443b0000 - 0x00007ffe443dd000 	C:\WINDOWS\SYSTEM32\WINMMBASE.dll
0x00007ffe4ea50000 - 0x00007ffe4ea9a000 	C:\WINDOWS\System32\cfgmgr32.dll
0x00007ffe4e780000 - 0x00007ffe4e791000 	C:\WINDOWS\System32\kernel.appcore.dll
0x00007ffe43580000 - 0x00007ffe43591000 	C:\Program Files\Java\jdk-12.0.1\bin\verify.dll
0x00007ffe4d0b0000 - 0x00007ffe4d2a4000 	C:\WINDOWS\SYSTEM32\DBGHELP.DLL
0x00007ffe46010000 - 0x00007ffe4603a000 	C:\WINDOWS\SYSTEM32\dbgcore.DLL
0x00007ffe43550000 - 0x00007ffe43576000 	C:\Program Files\Java\jdk-12.0.1\bin\java.dll
0x00007ffe43500000 - 0x00007ffe43517000 	C:\Program Files\Java\jdk-12.0.1\bin\zip.dll
0x00007ffe45860000 - 0x00007ffe4586a000 	C:\Program Files\Java\jdk-12.0.1\bin\jimage.dll
0x00007ffe50830000 - 0x00007ffe50f16000 	C:\WINDOWS\System32\SHELL32.dll
0x00007ffe4f9d0000 - 0x00007ffe4fa79000 	C:\WINDOWS\System32\shcore.dll
0x00007ffe4f020000 - 0x00007ffe4f7a0000 	C:\WINDOWS\System32\windows.storage.dll
0x00007ffe4e7a0000 - 0x00007ffe4e7c9000 	C:\WINDOWS\System32\Wldp.dll
0x00007ffe4e8d0000 - 0x00007ffe4ea19000 	C:\WINDOWS\System32\CRYPT32.dll
0x00007ffe4e760000 - 0x00007ffe4e772000 	C:\WINDOWS\System32\MSASN1.dll
0x00007ffe4f890000 - 0x00007ffe4f8ec000 	C:\WINDOWS\System32\WINTRUST.dll
0x00007ffe4e6e0000 - 0x00007ffe4e703000 	C:\WINDOWS\System32\profapi.dll
0x00007ffe4e710000 - 0x00007ffe4e75a000 	C:\WINDOWS\System32\powrprof.dll
0x00007ffe4e6d0000 - 0x00007ffe4e6e0000 	C:\WINDOWS\System32\UMPDC.dll
0x00007ffe4fb40000 - 0x00007ffe4fb92000 	C:\WINDOWS\System32\shlwapi.dll
0x00007ffe4f7a0000 - 0x00007ffe4f7b7000 	C:\WINDOWS\System32\cryptsp.dll
0x00007ffe434e0000 - 0x00007ffe434f9000 	C:\Program Files\Java\jdk-12.0.1\bin\net.dll
0x00007ffe49040000 - 0x00007ffe49131000 	C:\WINDOWS\SYSTEM32\WINHTTP.dll
0x00007ffe3fc80000 - 0x00007ffe3fe55000 	C:\WINDOWS\SYSTEM32\urlmon.dll
0x00007ffe3b260000 - 0x00007ffe3b506000 	C:\WINDOWS\SYSTEM32\iertutil.dll
0x00007ffe4e0e0000 - 0x00007ffe4e0ec000 	C:\WINDOWS\SYSTEM32\CRYPTBASE.DLL
0x00007ffe4df10000 - 0x00007ffe4df77000 	C:\WINDOWS\system32\mswsock.dll
0x00007ffe43360000 - 0x00007ffe43373000 	C:\Program Files\Java\jdk-12.0.1\bin\nio.dll
0x00007ffe43780000 - 0x00007ffe437a6000 	C:\Users\encal\.gradle\native\30\windows-amd64\native-platform.dll
0x00007ffe4a9a0000 - 0x00007ffe4a9a9000 	C:\Program Files\Java\jdk-12.0.1\bin\management.dll
0x00007ffe4a2c0000 - 0x00007ffe4a2cc000 	C:\Program Files\Java\jdk-12.0.1\bin\management_ext.dll
0x00007ffe4da80000 - 0x00007ffe4dab3000 	C:\WINDOWS\system32\rsaenh.dll
0x00007ffe4ea20000 - 0x00007ffe4ea46000 	C:\WINDOWS\System32\bcrypt.dll
0x00007ffe4e5f0000 - 0x00007ffe4e615000 	C:\WINDOWS\SYSTEM32\USERENV.dll
0x00007ffe4dc20000 - 0x00007ffe4dc5a000 	C:\WINDOWS\SYSTEM32\IPHLPAPI.DLL
0x00007ffe4f8f0000 - 0x00007ffe4f8f8000 	C:\WINDOWS\System32\NSI.dll
0x00007ffe48690000 - 0x00007ffe486a6000 	C:\WINDOWS\SYSTEM32\dhcpcsvc6.DLL
0x00007ffe48670000 - 0x00007ffe4868c000 	C:\WINDOWS\SYSTEM32\dhcpcsvc.DLL
0x00007ffe4dc60000 - 0x00007ffe4dd2a000 	C:\WINDOWS\SYSTEM32\DNSAPI.dll

dbghelp: loaded successfully - version: 4.0.5 - missing functions: none
symbol engine: initialized successfully - sym options: 0x614 - pdb path: .;C:\Program Files\Java\jdk-12.0.1\bin;C:\WINDOWS\SYSTEM32;C:\Program Files\AVG\Antivirus;C:\WINDOWS\WinSxS\amd64_microsoft.windows.common-controls_6595b64144ccf1df_6.0.18362.693_none_e6c1b3c11311d480;C:\Program Files\Java\jdk-12.0.1\bin\server;C:\Users\encal\.gradle\native\30\windows-amd64

VM Arguments:
jvm_args: --add-opens=java.base/java.util=ALL-UNNAMED --add-opens=java.base/java.lang=ALL-UNNAMED --add-opens=java.base/java.lang.invoke=ALL-UNNAMED --add-opens=java.prefs/java.util.prefs=ALL-UNNAMED -XX:MaxMetaspaceSize=256m -XX:+HeapDumpOnOutOfMemoryError -Xms256m -Xmx512m -Dfile.encoding=windows-1252 -Duser.country=EC -Duser.language=es -Duser.variant 
java_command: org.gradle.launcher.daemon.bootstrap.GradleDaemon 6.0.1
java_class_path (initial): C:\Gradle\gradle-6.0.1\lib\gradle-launcher-6.0.1.jar
Launcher Type: SUN_STANDARD

[Global flags]
     intx CICompilerCount                          = 3                                         {product} {ergonomic}
   size_t CompressedClassSpaceSize                 = 260046848                                 {product} {ergonomic}
     uint ConcGCThreads                            = 1                                         {product} {ergonomic}
     uint G1ConcRefinementThreads                  = 4                                         {product} {ergonomic}
   size_t G1HeapRegionSize                         = 1048576                                   {product} {ergonomic}
    uintx GCDrainStackTargetSize                   = 64                                        {product} {ergonomic}
     bool HeapDumpOnOutOfMemoryError               = true                                   {manageable} {command line}
   size_t InitialHeapSize                          = 268435456                                 {product} {command line}
   size_t MarkStackSize                            = 4194304                                   {product} {ergonomic}
   size_t MaxHeapSize                              = 536870912                                 {product} {command line}
   size_t MaxMetaspaceSize                         = 268435456                                 {product} {command line}
   size_t MaxNewSize                               = 321912832                                 {product} {ergonomic}
   size_t MinHeapDeltaBytes                        = 1048576                                   {product} {ergonomic}
    uintx NonNMethodCodeHeapSize                   = 5830732                                {pd product} {ergonomic}
    uintx NonProfiledCodeHeapSize                  = 122913754                              {pd product} {ergonomic}
    uintx ProfiledCodeHeapSize                     = 122913754                              {pd product} {ergonomic}
    uintx ReservedCodeCacheSize                    = 251658240                              {pd product} {ergonomic}
     bool SegmentedCodeCache                       = true                                      {product} {ergonomic}
     bool UseCompressedClassPointers               = true                                 {lp64_product} {ergonomic}
     bool UseCompressedOops                        = true                                 {lp64_product} {ergonomic}
     bool UseG1GC                                  = true                                      {product} {ergonomic}
     bool UseLargePagesIndividualAllocation        = false                                  {pd product} {ergonomic}

Logging:
Log output configuration:
 #0: stdout all=warning uptime,level,tags
 #1: stderr all=off uptime,level,tags

Environment Variables:
JAVA_HOME=C:\Program Files\Java\jdk1.8.0_181
PATH=C:\Program Files (x86)\NVIDIA Corporation\PhysX\Common;C:\Program Files (x86)\Common Files\Oracle\Java\javapath;C:\Program Files (x86)\Intel\Intel(R) Management Engine Components\iCLS\;C:\Program Files\Intel\Intel(R) Management Engine Components\iCLS\;C:\WINDOWS\system32;C:\WINDOWS;C:\WINDOWS\System32\Wbem;C:\WINDOWS\System32\WindowsPowerShell\v1.0\;C:\WINDOWS\System32\OpenSSH\;C:\Program Files (x86)\Intel\Intel(R) Management Engine Components\DAL;C:\Program Files\Intel\Intel(R) Management Engine Components\DAL;C:\Program Files (x86)\Intel\Intel(R) Management Engine Components\IPT;C:\Program Files\Intel\Intel(R) Management Engine Components\IPT;C:\Program Files\Git\cmd;C:\Program Files\nodejs\;C:\Program Files\Java\jdk1.8.0_181\bin;C:\maven\apache-maven-3.6.2\bin;C:\Gradle\gradle-6.0.1\bin;C:\Program Files\MySQL\MySQL Shell 8.0\bin\;C:\Users\encal\AppData\Roaming\npm;C:\Users\Administrator\AppData\Roaming\npm\node_modules\angular-cli\bin\ng;C:\Users\encal\AppData\Local\Programs\Microsoft VS Code\bin;C:\Program Files\JetBrains\IntelliJ IDEA 2019.3.3\bin;;C:\Gradle\gradle-6.0.1\bin;
USERNAME=encal
OS=Windows_NT
PROCESSOR_IDENTIFIER=Intel64 Family 6 Model 142 Stepping 9, GenuineIntel



---------------  S Y S T E M  ---------------

OS: Windows 10 , 64 bit Build 18362 (10.0.18362.329)

CPU:total 4 (initial active 4) (2 cores per cpu, 2 threads per core) family 6 model 142 stepping 9, cmov, cx8, fxsr, mmx, sse, sse2, sse3, ssse3, sse4.1, sse4.2, popcnt, avx, avx2, aes, clmul, erms, 3dnowpref, lzcnt, ht, tsc, tscinvbit, bmi1, bmi2, adx, fma

Memory: 4k page, system-wide physical 3994M (84M free)
TotalPageFile size 9994M (AvailPageFile size 5M)
current process WorkingSet (physical memory assigned to process): 194M, peak: 194M
current process commit charge ("private bytes"): 413M, peak: 415M

vm_info: Java HotSpot(TM) 64-Bit Server VM (12.0.1+12) for windows-amd64 JRE (12.0.1+12), built on Apr  2 2019 14:02:19 by "mach5one" with MS VC++ 15.5 (VS2017)

END.
