#
# There is insufficient memory for the Java Runtime Environment to continue.
# Native memory allocation (malloc) failed to allocate 2209776 bytes for Chunk::new
# Possible reasons:
#   The system is out of physical RAM or swap space
#   In 32 bit mode, the process size limit was hit
# Possible solutions:
#   Reduce memory load on the system
#   Increase physical memory or swap space
#   Check if swap backing store is full
#   Use 64 bit Java on a 64 bit OS
#   Decrease Java heap size (-Xmx/-Xms)
#   Decrease number of Java threads
#   Decrease Java thread stack sizes (-Xss)
#   Set larger code cache with -XX:ReservedCodeCacheSize=
# This output file may be truncated or incomplete.
#
#  Out of Memory Error (allocation.cpp:390), pid=8048, tid=0x0000000000000664
#
# JRE version: Java(TM) SE Runtime Environment (8.0_181-b13) (build 1.8.0_181-b13)
# Java VM: Java HotSpot(TM) 64-Bit Server VM (25.181-b13 mixed mode windows-amd64 compressed oops)
# Failed to write core dump. Minidumps are not enabled by default on client versions of Windows
#

---------------  T H R E A D  ---------------

Current thread (0x0000000013613800):  JavaThread "C2 CompilerThread1" daemon [_thread_in_native, id=1636, stack(0x0000000014d90000,0x0000000014e90000)]

Stack: [0x0000000014d90000,0x0000000014e90000]
[error occurred during error reporting (printing stack bounds), id 0xc0000005]

Native frames: (J=compiled Java code, j=interpreted, Vv=VM code, C=native code)


Current CompileTask:
C2:   7909 1499   !   4       java.net.URLClassLoader$1::run (63 bytes)


---------------  P R O C E S S  ---------------

Java Threads: ( => current thread )
  0x0000000016b06000 JavaThread "Cache worker for journal cache (C:\Users\encal\.gradle\caches\journal-1)" [_thread_blocked, id=3260, stack(0x00000000193e0000,0x00000000194e0000)]
  0x0000000016b00000 JavaThread "File lock request listener" [_thread_in_native, id=14780, stack(0x0000000018310000,0x0000000018410000)]
  0x0000000016b05000 JavaThread "Cache worker for file hash cache (C:\Users\encal\.gradle\caches\5.6\fileHashes)" [_thread_blocked, id=5788, stack(0x0000000018210000,0x0000000018310000)]
  0x0000000015fbb800 JavaThread "Thread-9" [_thread_blocked, id=15208, stack(0x0000000017f10000,0x0000000018010000)]
  0x000000001646d800 JavaThread "Stdin handler" [_thread_blocked, id=5492, stack(0x0000000017e10000,0x0000000017f10000)]
  0x00000000159e8800 JavaThread "Asynchronous log dispatcher for DefaultDaemonConnection: socket connection from /127.0.0.1:51853 to /127.0.0.1:51854" [_thread_blocked, id=9360, stack(0x0000000017d10000,0x0000000017e10000)]
  0x00000000163d0800 JavaThread "Daemon worker" [_thread_in_vm, id=1476, stack(0x0000000017c10000,0x0000000017d10000)]
  0x00000000163cf000 JavaThread "Cancel handler" [_thread_blocked, id=6608, stack(0x0000000017b10000,0x0000000017c10000)]
  0x000000001638b800 JavaThread "Handler for socket connection from /127.0.0.1:51853 to /127.0.0.1:51854" [_thread_in_native, id=12520, stack(0x0000000017810000,0x0000000017910000)]
  0x0000000016389000 JavaThread "Daemon periodic checks" [_thread_blocked, id=13604, stack(0x0000000017710000,0x0000000017810000)]
  0x0000000016379000 JavaThread "Daemon" [_thread_blocked, id=4940, stack(0x0000000017610000,0x0000000017710000)]
  0x0000000016be4800 JavaThread "Incoming local TCP Connector on port 51853" [_thread_in_native, id=3532, stack(0x00000000173a0000,0x00000000174a0000)]
  0x0000000016afd800 JavaThread "Daemon health stats" [_thread_blocked, id=15028, stack(0x0000000016d60000,0x0000000016e60000)]
  0x0000000014fc0800 JavaThread "Service Thread" daemon [_thread_blocked, id=7736, stack(0x0000000015390000,0x0000000015490000)]
  0x0000000013633800 JavaThread "C1 CompilerThread2" daemon [_thread_blocked, id=13712, stack(0x0000000014e90000,0x0000000014f90000)]
=>0x0000000013613800 JavaThread "C2 CompilerThread1" daemon [_thread_in_native, id=1636, stack(0x0000000014d90000,0x0000000014e90000)]
  0x000000001360f000 JavaThread "C2 CompilerThread0" daemon [_thread_in_native, id=14096, stack(0x0000000014c90000,0x0000000014d90000)]
  0x000000001360b800 JavaThread "Attach Listener" daemon [_thread_blocked, id=12712, stack(0x0000000014b90000,0x0000000014c90000)]
  0x000000001360a000 JavaThread "Signal Dispatcher" daemon [_thread_blocked, id=9800, stack(0x0000000014a90000,0x0000000014b90000)]
  0x00000000021cd000 JavaThread "Finalizer" daemon [_thread_blocked, id=13592, stack(0x0000000014860000,0x0000000014960000)]
  0x00000000021c2000 JavaThread "Reference Handler" daemon [_thread_blocked, id=3204, stack(0x0000000014760000,0x0000000014860000)]
  0x00000000020ce800 JavaThread "main" [_thread_blocked, id=13732, stack(0x0000000001fb0000,0x00000000020b0000)]

Other Threads:
  0x00000000135d7000 VMThread [stack: 0x0000000014660000,0x0000000014760000] [id=10896]
  0x0000000014fd9800 WatcherThread [stack: 0x0000000015490000,0x0000000015590000] [id=3716]

VM state:not at safepoint (normal execution)

VM Mutex/Monitor currently owned by a thread: None

Heap:
 PSYoungGen      total 76288K, used 29352K [0x00000000f5580000, 0x00000000faa80000, 0x0000000100000000)
  eden space 65536K, 30% used [0x00000000f5580000,0x00000000f68dc4c0,0x00000000f9580000)
  from space 10752K, 88% used [0x00000000fa000000,0x00000000fa94dbc8,0x00000000faa80000)
  to   space 10752K, 0% used [0x00000000f9580000,0x00000000f9580000,0x00000000fa000000)
 ParOldGen       total 175104K, used 16K [0x00000000e0000000, 0x00000000eab00000, 0x00000000f5580000)
  object space 175104K, 0% used [0x00000000e0000000,0x00000000e0004000,0x00000000eab00000)
 Metaspace       used 16028K, capacity 16462K, committed 16640K, reserved 1062912K
  class space    used 2327K, capacity 2471K, committed 2560K, reserved 1048576K

Card table byte_map: [0x00000000115a0000,0x00000000116b0000] byte_map_base: 0x0000000010ea0000

Marking Bits: (ParMarkBitMap*) 0x0000000077c52d00
 Begin Bits: [0x0000000011b60000, 0x0000000012360000)
 End Bits:   [0x0000000012360000, 0x0000000012b60000)

Polling page: 0x00000000007f0000

CodeCache: size=245760Kb used=5545Kb max_used=5545Kb free=240214Kb
 bounds [0x00000000021e0000, 0x0000000002750000, 0x00000000111e0000]
 total_blobs=1960 nmethods=1569 adapters=303
 compilation: enabled

Compilation events (10 events):
Event: 7.887 Thread 0x0000000013633800 1571       3       com.google.common.base.Splitter$SplittingIterator::<init> (39 bytes)
Event: 7.888 Thread 0x0000000013633800 nmethod 1571 0x0000000002749590 code [0x0000000002749700, 0x00000000027499b0]
Event: 7.889 Thread 0x0000000013633800 1573       1       java.nio.Buffer::capacity (5 bytes)
Event: 7.889 Thread 0x0000000013633800 nmethod 1573 0x0000000002749ad0 code [0x0000000002749c20, 0x0000000002749d30]
Event: 7.890 Thread 0x0000000013633800 1574 %     3       com.google.common.io.LineBuffer::add @ 47 (204 bytes)
Event: 7.890 Thread 0x0000000013633800 nmethod 1574% 0x0000000002749d90 code [0x0000000002749fa0, 0x000000000274aa78]
Event: 7.890 Thread 0x0000000013633800 1575       3       com.google.common.io.LineBuffer::add (204 bytes)
Event: 7.891 Thread 0x0000000013633800 nmethod 1575 0x000000000274af90 code [0x000000000274b180, 0x000000000274bad8]
Event: 7.903 Thread 0x0000000013633800 1577       3       sun.misc.ProxyGenerator::dotToSlash (9 bytes)
Event: 7.903 Thread 0x0000000013633800 nmethod 1577 0x000000000274bf90 code [0x000000000274c100, 0x000000000274c308]

GC Heap History (4 events):
Event: 3.239 GC heap before
{Heap before GC invocations=1 (full 0):
 PSYoungGen      total 76288K, used 65536K [0x00000000f5580000, 0x00000000faa80000, 0x0000000100000000)
  eden space 65536K, 100% used [0x00000000f5580000,0x00000000f9580000,0x00000000f9580000)
  from space 10752K, 0% used [0x00000000fa000000,0x00000000fa000000,0x00000000faa80000)
  to   space 10752K, 0% used [0x00000000f9580000,0x00000000f9580000,0x00000000fa000000)
 ParOldGen       total 175104K, used 0K [0x00000000e0000000, 0x00000000eab00000, 0x00000000f5580000)
  object space 175104K, 0% used [0x00000000e0000000,0x00000000e0000000,0x00000000eab00000)
 Metaspace       used 7390K, capacity 7690K, committed 7936K, reserved 1056768K
  class space    used 937K, capacity 1017K, committed 1024K, reserved 1048576K
Event: 3.250 GC heap after
Heap after GC invocations=1 (full 0):
 PSYoungGen      total 76288K, used 5877K [0x00000000f5580000, 0x00000000faa80000, 0x0000000100000000)
  eden space 65536K, 0% used [0x00000000f5580000,0x00000000f5580000,0x00000000f9580000)
  from space 10752K, 54% used [0x00000000f9580000,0x00000000f9b3d4a0,0x00000000fa000000)
  to   space 10752K, 0% used [0x00000000fa000000,0x00000000fa000000,0x00000000faa80000)
 ParOldGen       total 175104K, used 8K [0x00000000e0000000, 0x00000000eab00000, 0x00000000f5580000)
  object space 175104K, 0% used [0x00000000e0000000,0x00000000e0002000,0x00000000eab00000)
 Metaspace       used 7390K, capacity 7690K, committed 7936K, reserved 1056768K
  class space    used 937K, capacity 1017K, committed 1024K, reserved 1048576K
}
Event: 7.352 GC heap before
{Heap before GC invocations=2 (full 0):
 PSYoungGen      total 76288K, used 71413K [0x00000000f5580000, 0x00000000faa80000, 0x0000000100000000)
  eden space 65536K, 100% used [0x00000000f5580000,0x00000000f9580000,0x00000000f9580000)
  from space 10752K, 54% used [0x00000000f9580000,0x00000000f9b3d4a0,0x00000000fa000000)
  to   space 10752K, 0% used [0x00000000fa000000,0x00000000fa000000,0x00000000faa80000)
 ParOldGen       total 175104K, used 8K [0x00000000e0000000, 0x00000000eab00000, 0x00000000f5580000)
  object space 175104K, 0% used [0x00000000e0000000,0x00000000e0002000,0x00000000eab00000)
 Metaspace       used 14612K, capacity 15106K, committed 15360K, reserved 1062912K
  class space    used 2084K, capacity 2227K, committed 2304K, reserved 1048576K
Event: 7.370 GC heap after
Heap after GC invocations=2 (full 0):
 PSYoungGen      total 76288K, used 9526K [0x00000000f5580000, 0x00000000faa80000, 0x0000000100000000)
  eden space 65536K, 0% used [0x00000000f5580000,0x00000000f5580000,0x00000000f9580000)
  from space 10752K, 88% used [0x00000000fa000000,0x00000000fa94dbc8,0x00000000faa80000)
  to   space 10752K, 0% used [0x00000000f9580000,0x00000000f9580000,0x00000000fa000000)
 ParOldGen       total 175104K, used 16K [0x00000000e0000000, 0x00000000eab00000, 0x00000000f5580000)
  object space 175104K, 0% used [0x00000000e0000000,0x00000000e0004000,0x00000000eab00000)
 Metaspace       used 14612K, capacity 15106K, committed 15360K, reserved 1062912K
  class space    used 2084K, capacity 2227K, committed 2304K, reserved 1048576K
}

Deoptimization events (10 events):
Event: 6.581 Thread 0x00000000163d0800 Uncommon trap: reason=bimorphic action=maybe_recompile pc=0x00000000024337d8 method=java.util.HashMap.putVal(ILjava/lang/Object;Ljava/lang/Object;ZZ)Ljava/lang/Object; @ 253
Event: 6.581 Thread 0x00000000163d0800 Uncommon trap: reason=bimorphic action=maybe_recompile pc=0x00000000024337d8 method=java.util.HashMap.putVal(ILjava/lang/Object;Ljava/lang/Object;ZZ)Ljava/lang/Object; @ 253
Event: 6.581 Thread 0x00000000163d0800 Uncommon trap: reason=bimorphic action=maybe_recompile pc=0x00000000024337d8 method=java.util.HashMap.putVal(ILjava/lang/Object;Ljava/lang/Object;ZZ)Ljava/lang/Object; @ 253
Event: 6.581 Thread 0x00000000163d0800 Uncommon trap: reason=bimorphic action=maybe_recompile pc=0x00000000024337d8 method=java.util.HashMap.putVal(ILjava/lang/Object;Ljava/lang/Object;ZZ)Ljava/lang/Object; @ 253
Event: 6.581 Thread 0x00000000163d0800 Uncommon trap: reason=bimorphic action=maybe_recompile pc=0x0000000002435cc0 method=java.util.HashMap.putVal(ILjava/lang/Object;Ljava/lang/Object;ZZ)Ljava/lang/Object; @ 253
Event: 7.064 Thread 0x00000000163d0800 Uncommon trap: reason=class_check action=maybe_recompile pc=0x00000000024c7c98 method=java.util.regex.Matcher.match(II)Z @ 86
Event: 7.083 Thread 0x00000000163d0800 Uncommon trap: reason=class_check action=maybe_recompile pc=0x00000000024c7c98 method=java.util.regex.Matcher.match(II)Z @ 86
Event: 7.084 Thread 0x00000000163d0800 Uncommon trap: reason=class_check action=maybe_recompile pc=0x00000000024c7c98 method=java.util.regex.Matcher.match(II)Z @ 86
Event: 7.084 Thread 0x00000000163d0800 Uncommon trap: reason=class_check action=maybe_recompile pc=0x00000000024815dc method=java.util.regex.Matcher.match(II)Z @ 86
Event: 7.803 Thread 0x00000000163d0800 Uncommon trap: reason=unstable_if action=reinterpret pc=0x00000000026903f4 method=java.lang.String.lastIndexOf([CII[CIII)I @ 66

Classes redefined (0 events):
No events

Internal exceptions (10 events):
Event: 6.518 Thread 0x000000001638b800 Exception <a 'java/lang/NoSuchMethodError': <clinit>> (0x00000000f70a5d30) thrown at [C:\re\workspace\8-2-build-windows-amd64-cygwin\jdk8u181\11358\hotspot\src\share\vm\prims\jni.cpp, line 1613]
Event: 6.521 Thread 0x000000001638b800 Exception <a 'java/lang/NoSuchMethodError': <clinit>> (0x00000000f70bdc80) thrown at [C:\re\workspace\8-2-build-windows-amd64-cygwin\jdk8u181\11358\hotspot\src\share\vm\prims\jni.cpp, line 1613]
Event: 6.522 Thread 0x000000001638b800 Exception <a 'java/lang/NoSuchMethodError': <clinit>> (0x00000000f70c6910) thrown at [C:\re\workspace\8-2-build-windows-amd64-cygwin\jdk8u181\11358\hotspot\src\share\vm\prims\jni.cpp, line 1613]
Event: 6.524 Thread 0x000000001638b800 Exception <a 'java/lang/NoSuchMethodError': <clinit>> (0x00000000f70dcec0) thrown at [C:\re\workspace\8-2-build-windows-amd64-cygwin\jdk8u181\11358\hotspot\src\share\vm\prims\jni.cpp, line 1613]
Event: 6.540 Thread 0x000000001638b800 Exception <a 'java/lang/NoSuchMethodError': <clinit>> (0x00000000f7146188) thrown at [C:\re\workspace\8-2-build-windows-amd64-cygwin\jdk8u181\11358\hotspot\src\share\vm\prims\jni.cpp, line 1613]
Event: 6.547 Thread 0x000000001638b800 Exception <a 'java/lang/NoSuchMethodError': <clinit>> (0x00000000f7172a88) thrown at [C:\re\workspace\8-2-build-windows-amd64-cygwin\jdk8u181\11358\hotspot\src\share\vm\prims\jni.cpp, line 1613]
Event: 6.555 Thread 0x000000001638b800 Exception <a 'java/lang/NoSuchMethodError': <clinit>> (0x00000000f71902c0) thrown at [C:\re\workspace\8-2-build-windows-amd64-cygwin\jdk8u181\11358\hotspot\src\share\vm\prims\jni.cpp, line 1613]
Event: 7.617 Thread 0x00000000163d0800 Exception <a 'java/lang/NoSuchMethodError': java.lang.Object.lambda$and$0(Ljava/util/function/Predicate;Ljava/lang/Object;)Z> (0x00000000f633de00) thrown at [C:\re\workspace\8-2-build-windows-amd64-cygwin\jdk8u181\11358\hotspot\src\share\vm\interpreter\li
Event: 7.705 Thread 0x00000000163d0800 Exception <a 'java/lang/IncompatibleClassChangeError': Found class java.lang.Object, but interface was expected> (0x00000000f63540f0) thrown at [C:\re\workspace\8-2-build-windows-amd64-cygwin\jdk8u181\11358\hotspot\src\share\vm\interpreter\linkResolver.cp
Event: 7.736 Thread 0x00000000163d0800 Exception <a 'java/lang/NoSuchMethodError': java.lang.Object.lambda$or$2(Ljava/util/function/Predicate;Ljava/lang/Object;)Z> (0x00000000f6359000) thrown at [C:\re\workspace\8-2-build-windows-amd64-cygwin\jdk8u181\11358\hotspot\src\share\vm\interpreter\lin

Events (10 events):
Event: 7.906 loading class org/gradle/groovy/scripts/ScriptRunner
Event: 7.906 loading class org/gradle/groovy/scripts/ScriptRunner done
Event: 7.906 loading class org/gradle/internal/work/ConditionalExecutionQueue
Event: 7.906 loading class org/gradle/internal/work/ConditionalExecutionQueue done
Event: 7.907 loading class org/gradle/workers/internal/DefaultWorkResult
Event: 7.907 loading class org/gradle/workers/internal/DefaultWorkResult done
Event: 7.907 loading class org/gradle/api/tasks/WorkResult
Event: 7.907 loading class org/gradle/api/tasks/WorkResult done
Event: 7.907 loading class org/gradle/api/internal/artifacts/DefaultDependencyManagementServices
Event: 7.907 loading class org/gradle/api/internal/artifacts/DefaultDependencyManagementServices done


Dynamic libraries:
0x00007ff6c5050000 - 0x00007ff6c5087000 	C:\Program Files\Java\jdk1.8.0_181\bin\java.exe
0x00007ffe51840000 - 0x00007ffe51a30000 	C:\WINDOWS\SYSTEM32\ntdll.dll
0x00007ffe471e0000 - 0x00007ffe471f5000 	C:\Program Files\AVG\Antivirus\aswhook.dll
0x00007ffe4fa80000 - 0x00007ffe4fb32000 	C:\WINDOWS\System32\KERNEL32.DLL
0x00007ffe4eaa0000 - 0x00007ffe4ed43000 	C:\WINDOWS\System32\KERNELBASE.dll
0x00007ffe4bf30000 - 0x00007ffe4bfbf000 	C:\WINDOWS\SYSTEM32\apphelp.dll
0x00007ffe4fcd0000 - 0x00007ffe4fd73000 	C:\WINDOWS\System32\ADVAPI32.dll
0x00007ffe4ff60000 - 0x00007ffe4fffe000 	C:\WINDOWS\System32\msvcrt.dll
0x00007ffe4fec0000 - 0x00007ffe4ff57000 	C:\WINDOWS\System32\sechost.dll
0x00007ffe513d0000 - 0x00007ffe514f0000 	C:\WINDOWS\System32\RPCRT4.dll
0x00007ffe50630000 - 0x00007ffe507c4000 	C:\WINDOWS\System32\USER32.dll
0x00007ffe4f860000 - 0x00007ffe4f881000 	C:\WINDOWS\System32\win32u.dll
0x00007ffe51040000 - 0x00007ffe51066000 	C:\WINDOWS\System32\GDI32.dll
0x00007ffe4ed50000 - 0x00007ffe4eee4000 	C:\WINDOWS\System32\gdi32full.dll
0x00007ffe4f7c0000 - 0x00007ffe4f85e000 	C:\WINDOWS\System32\msvcp_win.dll
0x00007ffe4e7d0000 - 0x00007ffe4e8ca000 	C:\WINDOWS\System32\ucrtbase.dll
0x00007ffe42140000 - 0x00007ffe423c5000 	C:\WINDOWS\WinSxS\amd64_microsoft.windows.common-controls_6595b64144ccf1df_6.0.18362.693_none_e6c1b3c11311d480\COMCTL32.dll
0x00007ffe51090000 - 0x00007ffe513c6000 	C:\WINDOWS\System32\combase.dll
0x00007ffe4efa0000 - 0x00007ffe4f020000 	C:\WINDOWS\System32\bcryptPrimitives.dll
0x00007ffe51010000 - 0x00007ffe5103e000 	C:\WINDOWS\System32\IMM32.DLL
0x00000000501d0000 - 0x00000000502a2000 	C:\Program Files\Java\jdk1.8.0_181\jre\bin\msvcr100.dll
0x0000000077430000 - 0x0000000077cd2000 	C:\Program Files\Java\jdk1.8.0_181\jre\bin\server\jvm.dll
0x00007ffe50f20000 - 0x00007ffe50f28000 	C:\WINDOWS\System32\PSAPI.DLL
0x00007ffe410e0000 - 0x00007ffe410e9000 	C:\WINDOWS\SYSTEM32\WSOCK32.dll
0x00007ffe4fd80000 - 0x00007ffe4fdef000 	C:\WINDOWS\System32\WS2_32.dll
0x00007ffe443e0000 - 0x00007ffe44404000 	C:\WINDOWS\SYSTEM32\WINMM.dll
0x00007ffe47a30000 - 0x00007ffe47a3a000 	C:\WINDOWS\SYSTEM32\VERSION.dll
0x00007ffe443b0000 - 0x00007ffe443dd000 	C:\WINDOWS\SYSTEM32\WINMMBASE.dll
0x00007ffe4ea50000 - 0x00007ffe4ea9a000 	C:\WINDOWS\System32\cfgmgr32.dll
0x00000000501c0000 - 0x00000000501cf000 	C:\Program Files\Java\jdk1.8.0_181\jre\bin\verify.dll
0x0000000050190000 - 0x00000000501b9000 	C:\Program Files\Java\jdk1.8.0_181\jre\bin\java.dll
0x0000000050170000 - 0x0000000050186000 	C:\Program Files\Java\jdk1.8.0_181\jre\bin\zip.dll
0x00007ffe50830000 - 0x00007ffe50f16000 	C:\WINDOWS\System32\SHELL32.dll
0x00007ffe4f9d0000 - 0x00007ffe4fa79000 	C:\WINDOWS\System32\shcore.dll
0x00007ffe4f020000 - 0x00007ffe4f7a0000 	C:\WINDOWS\System32\windows.storage.dll
0x00007ffe4e7a0000 - 0x00007ffe4e7c9000 	C:\WINDOWS\System32\Wldp.dll
0x00007ffe4e8d0000 - 0x00007ffe4ea19000 	C:\WINDOWS\System32\CRYPT32.dll
0x00007ffe4e760000 - 0x00007ffe4e772000 	C:\WINDOWS\System32\MSASN1.dll
0x00007ffe4f890000 - 0x00007ffe4f8ec000 	C:\WINDOWS\System32\WINTRUST.dll
0x00007ffe4e6e0000 - 0x00007ffe4e703000 	C:\WINDOWS\System32\profapi.dll
0x00007ffe4e710000 - 0x00007ffe4e75a000 	C:\WINDOWS\System32\powrprof.dll
0x00007ffe4e6d0000 - 0x00007ffe4e6e0000 	C:\WINDOWS\System32\UMPDC.dll
0x00007ffe4fb40000 - 0x00007ffe4fb92000 	C:\WINDOWS\System32\shlwapi.dll
0x00007ffe4e780000 - 0x00007ffe4e791000 	C:\WINDOWS\System32\kernel.appcore.dll
0x00007ffe4f7a0000 - 0x00007ffe4f7b7000 	C:\WINDOWS\System32\cryptsp.dll
0x0000000050150000 - 0x000000005016a000 	C:\Program Files\Java\jdk1.8.0_181\jre\bin\net.dll
0x00007ffe4df10000 - 0x00007ffe4df77000 	C:\WINDOWS\system32\mswsock.dll
0x0000000050130000 - 0x0000000050141000 	C:\Program Files\Java\jdk1.8.0_181\jre\bin\nio.dll
0x00007ffe43780000 - 0x00007ffe437a6000 	C:\Users\encal\.gradle\native\30\windows-amd64\native-platform.dll
0x0000000050120000 - 0x000000005012d000 	C:\Program Files\Java\jdk1.8.0_181\jre\bin\management.dll
0x00007ffe4da80000 - 0x00007ffe4dab3000 	C:\WINDOWS\system32\rsaenh.dll
0x00007ffe4ea20000 - 0x00007ffe4ea46000 	C:\WINDOWS\System32\bcrypt.dll
0x00007ffe4e5f0000 - 0x00007ffe4e615000 	C:\WINDOWS\SYSTEM32\USERENV.dll
0x00007ffe4e0e0000 - 0x00007ffe4e0ec000 	C:\WINDOWS\SYSTEM32\CRYPTBASE.dll
0x00007ffe4dc20000 - 0x00007ffe4dc5a000 	C:\WINDOWS\SYSTEM32\IPHLPAPI.DLL
0x00007ffe4f8f0000 - 0x00007ffe4f8f8000 	C:\WINDOWS\System32\NSI.dll
0x00007ffe48690000 - 0x00007ffe486a6000 	C:\WINDOWS\SYSTEM32\dhcpcsvc6.DLL
0x00007ffe48670000 - 0x00007ffe4868c000 	C:\WINDOWS\SYSTEM32\dhcpcsvc.DLL
0x00007ffe4dc60000 - 0x00007ffe4dd2a000 	C:\WINDOWS\SYSTEM32\DNSAPI.dll

VM Arguments:
jvm_args: -XX:MaxMetaspaceSize=256m -XX:+HeapDumpOnOutOfMemoryError -Xms256m -Xmx512m -Dfile.encoding=windows-1252 -Duser.country=EC -Duser.language=es -Duser.variant 
java_command: org.gradle.launcher.daemon.bootstrap.GradleDaemon 5.6
java_class_path (initial): C:\Users\encal\.gradle\wrapper\dists\gradle-5.6-all\4chhpeaqtrfx4ih6mafwwr40u\gradle-5.6\lib\gradle-launcher-5.6.jar
Launcher Type: SUN_STANDARD

Environment Variables:
JAVA_HOME=C:\Program Files\Java\jdk1.8.0_181
PATH=C:\Program Files (x86)\NVIDIA Corporation\PhysX\Common;C:\Program Files (x86)\Common Files\Oracle\Java\javapath;C:\Program Files (x86)\Intel\Intel(R) Management Engine Components\iCLS\;C:\Program Files\Intel\Intel(R) Management Engine Components\iCLS\;C:\WINDOWS\system32;C:\WINDOWS;C:\WINDOWS\System32\Wbem;C:\WINDOWS\System32\WindowsPowerShell\v1.0\;C:\WINDOWS\System32\OpenSSH\;C:\Program Files (x86)\Intel\Intel(R) Management Engine Components\DAL;C:\Program Files\Intel\Intel(R) Management Engine Components\DAL;C:\Program Files (x86)\Intel\Intel(R) Management Engine Components\IPT;C:\Program Files\Intel\Intel(R) Management Engine Components\IPT;C:\Program Files\Git\cmd;C:\Program Files\nodejs\;C:\Program Files\Java\jdk1.8.0_181\bin;C:\maven\apache-maven-3.6.2\bin;C:\Gradle\gradle-6.0.1\bin;C:\Program Files\MySQL\MySQL Shell 8.0\bin\;C:\Users\encal\AppData\Roaming\npm;C:\Users\Administrator\AppData\Roaming\npm\node_modules\angular-cli\bin\ng;C:\Users\encal\AppData\Local\Programs\Microsoft VS Code\bin;C:\Program Files\JetBrains\IntelliJ IDEA 2019.3.3\bin;;C:\Gradle\gradle-6.0.1\bin;
USERNAME=encal
OS=Windows_NT
PROCESSOR_IDENTIFIER=Intel64 Family 6 Model 142 Stepping 9, GenuineIntel



---------------  S Y S T E M  ---------------

OS: Windows 10.0 , 64 bit Build 18362 (10.0.18362.329)

CPU:total 4 (initial active 4) (2 cores per cpu, 2 threads per core) family 6 model 142 stepping 9, cmov, cx8, fxsr, mmx, sse, sse2, sse3, ssse3, sse4.1, sse4.2, popcnt, avx, avx2, aes, clmul, erms, 3dnowpref, lzcnt, ht, tsc, tscinvbit, bmi1, bmi2, adx

Memory: 4k page, physical 4089888k(322892k free), swap 10233888k(7644k free)

vm_info: Java HotSpot(TM) 64-Bit Server VM (25.181-b13) for windows-amd64 JRE (1.8.0_181-b13), built on Jul  7 2018 04:01:33 by "java_re" with MS VC++ 10.0 (VS2010)

time: Wed Mar 04 10:09:54 2020
elapsed time: 7 seconds (0d 0h 0m 7s)

