#
# There is insufficient memory for the Java Runtime Environment to continue.
# Native memory allocation (malloc) failed to allocate 370416 bytes for Chunk::new
# Possible reasons:
#   The system is out of physical RAM or swap space
#   In 32 bit mode, the process size limit was hit
# Possible solutions:
#   Reduce memory load on the system
#   Increase physical memory or swap space
#   Check if swap backing store is full
#   Use 64 bit Java on a 64 bit OS
#   Decrease Java heap size (-Xmx/-Xms)
#   Decrease number of Java threads
#   Decrease Java thread stack sizes (-Xss)
#   Set larger code cache with -XX:ReservedCodeCacheSize=
# This output file may be truncated or incomplete.
#
#  Out of Memory Error (allocation.cpp:390), pid=12612, tid=0x0000000000000d2c
#
# JRE version: Java(TM) SE Runtime Environment (8.0_181-b13) (build 1.8.0_181-b13)
# Java VM: Java HotSpot(TM) 64-Bit Server VM (25.181-b13 mixed mode windows-amd64 compressed oops)
# Failed to write core dump. Minidumps are not enabled by default on client versions of Windows
#

---------------  T H R E A D  ---------------

Current thread (0x0000000018b80800):  JavaThread "C2 CompilerThread1" daemon [_thread_in_native, id=3372, stack(0x00000000195a0000,0x00000000196a0000)]

Stack: [0x00000000195a0000,0x00000000196a0000]
[error occurred during error reporting (printing stack bounds), id 0xc0000005]

Native frames: (J=compiled Java code, j=interpreted, Vv=VM code, C=native code)


Current CompileTask:
C2:  43407 3016   !   4       org.eclipse.osgi.internal.loader.classpath.ClasspathManager::defineClass (636 bytes)


---------------  P R O C E S S  ---------------

Java Threads: ( => current thread )
  0x000000001a650800 JavaThread "Worker-2" [_thread_blocked, id=5140, stack(0x000000001f370000,0x000000001f470000)]
  0x000000001a296000 JavaThread "Java indexing" daemon [_thread_blocked, id=6040, stack(0x000000001c620000,0x000000001c720000)]
  0x0000000019eb9800 JavaThread "Worker-1: Repository registry initialization" [_thread_in_native, id=4780, stack(0x000000001c320000,0x000000001c420000)]
  0x0000000019ea6800 JavaThread "Worker-0: Updating Maven Dependencies" [_thread_in_native, id=10488, stack(0x000000001c220000,0x000000001c320000)]
  0x0000000018da5800 JavaThread "Worker-JM" [_thread_blocked, id=1904, stack(0x000000001bf20000,0x000000001c020000)]
  0x0000000019fc4000 JavaThread "Bundle File Closer" daemon [_thread_blocked, id=9640, stack(0x000000001bb20000,0x000000001bc20000)]
  0x0000000019d7d800 JavaThread "Start Level: Equinox Container: 6ea602d0-270d-493a-8f28-0f5916a165af" daemon [_thread_blocked, id=10112, stack(0x000000001b820000,0x000000001b920000)]
  0x0000000019d7c800 JavaThread "Framework Event Dispatcher: Equinox Container: 6ea602d0-270d-493a-8f28-0f5916a165af" daemon [_thread_blocked, id=15472, stack(0x000000001b720000,0x000000001b820000)]
  0x0000000019bd6000 JavaThread "Active Thread: Equinox Container: 6ea602d0-270d-493a-8f28-0f5916a165af" [_thread_blocked, id=8584, stack(0x000000001b620000,0x000000001b720000)]
  0x0000000018c08000 JavaThread "Service Thread" daemon [_thread_blocked, id=15708, stack(0x00000000197a0000,0x00000000198a0000)]
  0x0000000018b83800 JavaThread "C1 CompilerThread2" daemon [_thread_blocked, id=11988, stack(0x00000000196a0000,0x00000000197a0000)]
=>0x0000000018b80800 JavaThread "C2 CompilerThread1" daemon [_thread_in_native, id=3372, stack(0x00000000195a0000,0x00000000196a0000)]
  0x0000000018b7f800 JavaThread "C2 CompilerThread0" daemon [_thread_in_native, id=11676, stack(0x00000000194a0000,0x00000000195a0000)]
  0x0000000018b7f000 JavaThread "Attach Listener" daemon [_thread_blocked, id=14884, stack(0x00000000193a0000,0x00000000194a0000)]
  0x0000000018b7e000 JavaThread "Signal Dispatcher" daemon [_thread_blocked, id=11540, stack(0x00000000192a0000,0x00000000193a0000)]
  0x0000000018b7b800 JavaThread "Surrogate Locker Thread (Concurrent GC)" daemon [_thread_blocked, id=10860, stack(0x00000000191a0000,0x00000000192a0000)]
  0x0000000018b1f000 JavaThread "Finalizer" daemon [_thread_blocked, id=15388, stack(0x0000000018f80000,0x0000000019080000)]
  0x0000000018b16800 JavaThread "Reference Handler" daemon [_thread_blocked, id=16368, stack(0x0000000018e80000,0x0000000018f80000)]
  0x0000000002d52800 JavaThread "main" [_thread_in_vm, id=2668, stack(0x0000000002c50000,0x0000000002d50000)]

Other Threads:
  0x0000000018b0f000 VMThread [stack: 0x0000000018890000,0x0000000018990000] [id=4596]
  0x0000000018c23000 WatcherThread [stack: 0x00000000198a0000,0x00000000199a0000] [id=15060]

VM state:not at safepoint (normal execution)

VM Mutex/Monitor currently owned by a thread: None

Heap:
 garbage-first heap   total 65536K, used 35840K [0x00000000c0000000, 0x00000000c0100200, 0x0000000100000000)
  region size 1024K, 14 young (14336K), 5 survivors (5120K)
 Metaspace       used 28994K, capacity 30638K, committed 30848K, reserved 1077248K
  class space    used 3162K, capacity 3705K, committed 3712K, reserved 1048576K

Heap Regions: (Y=young(eden), SU=young(survivor), HS=humongous(starts), HC=humongous(continues), CS=collection set, F=free, TS=gc time stamp, PTAMS=previous top-at-mark-start, NTAMS=next top-at-mark-start)
AC   0  O    TS     0 PTAMS 0x00000000c0100000 NTAMS 0x00000000c0100000 space 1024K, 100% used [0x00000000c0000000, 0x00000000c0100000)
AC   0  O    TS     0 PTAMS 0x00000000c0200000 NTAMS 0x00000000c0200000 space 1024K, 100% used [0x00000000c0100000, 0x00000000c0200000)
AC   0  O    TS     0 PTAMS 0x00000000c0300000 NTAMS 0x00000000c0300000 space 1024K, 100% used [0x00000000c0200000, 0x00000000c0300000)
AC   0  O    TS     0 PTAMS 0x00000000c0400000 NTAMS 0x00000000c0400000 space 1024K, 100% used [0x00000000c0300000, 0x00000000c0400000)
AC   0  O    TS     5 PTAMS 0x00000000c0400000 NTAMS 0x00000000c0400000 space 1024K, 100% used [0x00000000c0400000, 0x00000000c0500000)
AC   0  O    TS     5 PTAMS 0x00000000c0500000 NTAMS 0x00000000c0500000 space 1024K, 100% used [0x00000000c0500000, 0x00000000c0600000)
AC   0  O    TS     0 PTAMS 0x00000000c0700000 NTAMS 0x00000000c0700000 space 1024K, 100% used [0x00000000c0600000, 0x00000000c0700000)
AC   0  O    TS     0 PTAMS 0x00000000c0800000 NTAMS 0x00000000c0800000 space 1024K, 100% used [0x00000000c0700000, 0x00000000c0800000)
AC   0  O    TS     0 PTAMS 0x00000000c0900000 NTAMS 0x00000000c0900000 space 1024K, 100% used [0x00000000c0800000, 0x00000000c0900000)
AC   0  O    TS     5 PTAMS 0x00000000c0900000 NTAMS 0x00000000c0900000 space 1024K, 100% used [0x00000000c0900000, 0x00000000c0a00000)
AC   0  O    TS     1 PTAMS 0x00000000c0a00000 NTAMS 0x00000000c0a00000 space 1024K, 100% used [0x00000000c0a00000, 0x00000000c0b00000)
AC   0  O    TS     1 PTAMS 0x00000000c0b00000 NTAMS 0x00000000c0b00000 space 1024K, 100% used [0x00000000c0b00000, 0x00000000c0c00000)
AC   0  O    TS     1 PTAMS 0x00000000c0c00000 NTAMS 0x00000000c0c00000 space 1024K, 100% used [0x00000000c0c00000, 0x00000000c0d00000)
AC   0  O    TS     3 PTAMS 0x00000000c0d00000 NTAMS 0x00000000c0d00000 space 1024K, 100% used [0x00000000c0d00000, 0x00000000c0e00000)
AC   0  O    TS     1 PTAMS 0x00000000c0e7cc00 NTAMS 0x00000000c0e7cc00 space 1024K, 100% used [0x00000000c0e00000, 0x00000000c0f00000)
AC   0  O    TS     3 PTAMS 0x00000000c0f00000 NTAMS 0x00000000c0f00000 space 1024K, 100% used [0x00000000c0f00000, 0x00000000c1000000)
AC   0  O    TS     3 PTAMS 0x00000000c1000000 NTAMS 0x00000000c1000000 space 1024K, 100% used [0x00000000c1000000, 0x00000000c1100000)
AC   0  O    TS     3 PTAMS 0x00000000c1100000 NTAMS 0x00000000c1100000 space 1024K, 100% used [0x00000000c1100000, 0x00000000c1200000)
AC   0  O    TS     3 PTAMS 0x00000000c1200000 NTAMS 0x00000000c1200000 space 1024K, 100% used [0x00000000c1200000, 0x00000000c1300000)
AC   0  O    TS     3 PTAMS 0x00000000c1300000 NTAMS 0x00000000c1300000 space 1024K, 100% used [0x00000000c1300000, 0x00000000c1400000)
AC   0  O    TS     5 PTAMS 0x00000000c1400000 NTAMS 0x00000000c1400000 space 1024K, 100% used [0x00000000c1400000, 0x00000000c1500000)
AC   0  O    TS     5 PTAMS 0x00000000c1500000 NTAMS 0x00000000c1500000 space 1024K, 100% used [0x00000000c1500000, 0x00000000c1600000)
AC   0  F    TS     1 PTAMS 0x00000000c1600000 NTAMS 0x00000000c1600000 space 1024K,   0% used [0x00000000c1600000, 0x00000000c1700000)
AC   0  S CS TS     5 PTAMS 0x00000000c1700000 NTAMS 0x00000000c1700000 space 1024K, 100% used [0x00000000c1700000, 0x00000000c1800000)
AC   0  S CS TS     5 PTAMS 0x00000000c1800000 NTAMS 0x00000000c1800000 space 1024K, 100% used [0x00000000c1800000, 0x00000000c1900000)
AC   0  S CS TS     5 PTAMS 0x00000000c1900000 NTAMS 0x00000000c1900000 space 1024K, 100% used [0x00000000c1900000, 0x00000000c1a00000)
AC   0  S CS TS     5 PTAMS 0x00000000c1a00000 NTAMS 0x00000000c1a00000 space 1024K, 100% used [0x00000000c1a00000, 0x00000000c1b00000)
AC   0  S CS TS     5 PTAMS 0x00000000c1b00000 NTAMS 0x00000000c1b00000 space 1024K, 100% used [0x00000000c1b00000, 0x00000000c1c00000)
AC   0  F    TS     0 PTAMS 0x00000000c1c00000 NTAMS 0x00000000c1c00000 space 1024K,   0% used [0x00000000c1c00000, 0x00000000c1d00000)
AC   0  F    TS     0 PTAMS 0x00000000c1d00000 NTAMS 0x00000000c1d00000 space 1024K,   0% used [0x00000000c1d00000, 0x00000000c1e00000)
AC   0  F    TS     0 PTAMS 0x00000000c1e00000 NTAMS 0x00000000c1e00000 space 1024K,   0% used [0x00000000c1e00000, 0x00000000c1f00000)
AC   0  F    TS     0 PTAMS 0x00000000c1f00000 NTAMS 0x00000000c1f00000 space 1024K,   0% used [0x00000000c1f00000, 0x00000000c2000000)
AC   0  F    TS     0 PTAMS 0x00000000c2000000 NTAMS 0x00000000c2000000 space 1024K,   0% used [0x00000000c2000000, 0x00000000c2100000)
AC   0  F    TS     0 PTAMS 0x00000000c2100000 NTAMS 0x00000000c2100000 space 1024K,   0% used [0x00000000c2100000, 0x00000000c2200000)
AC   0  F    TS     0 PTAMS 0x00000000c2200000 NTAMS 0x00000000c2200000 space 1024K,   0% used [0x00000000c2200000, 0x00000000c2300000)
AC   0  F    TS     0 PTAMS 0x00000000c2300000 NTAMS 0x00000000c2300000 space 1024K,   0% used [0x00000000c2300000, 0x00000000c2400000)
AC   0  F    TS     0 PTAMS 0x00000000c2400000 NTAMS 0x00000000c2400000 space 1024K,   0% used [0x00000000c2400000, 0x00000000c2500000)
AC   0  F    TS     0 PTAMS 0x00000000c2500000 NTAMS 0x00000000c2500000 space 1024K,   0% used [0x00000000c2500000, 0x00000000c2600000)
AC   0  F    TS     0 PTAMS 0x00000000c2600000 NTAMS 0x00000000c2600000 space 1024K,   0% used [0x00000000c2600000, 0x00000000c2700000)
AC   0  F    TS     0 PTAMS 0x00000000c2700000 NTAMS 0x00000000c2700000 space 1024K,   0% used [0x00000000c2700000, 0x00000000c2800000)
AC   0  F    TS     0 PTAMS 0x00000000c2800000 NTAMS 0x00000000c2800000 space 1024K,   0% used [0x00000000c2800000, 0x00000000c2900000)
AC   0  F    TS     0 PTAMS 0x00000000c2900000 NTAMS 0x00000000c2900000 space 1024K,   0% used [0x00000000c2900000, 0x00000000c2a00000)
AC   0  F    TS     0 PTAMS 0x00000000c2a00000 NTAMS 0x00000000c2a00000 space 1024K,   0% used [0x00000000c2a00000, 0x00000000c2b00000)
AC   0  F    TS     0 PTAMS 0x00000000c2b00000 NTAMS 0x00000000c2b00000 space 1024K,   0% used [0x00000000c2b00000, 0x00000000c2c00000)
AC   0  F    TS     0 PTAMS 0x00000000c2c00000 NTAMS 0x00000000c2c00000 space 1024K,   0% used [0x00000000c2c00000, 0x00000000c2d00000)
AC   0  F    TS     0 PTAMS 0x00000000c2d00000 NTAMS 0x00000000c2d00000 space 1024K,   0% used [0x00000000c2d00000, 0x00000000c2e00000)
AC   0  F    TS     0 PTAMS 0x00000000c2e00000 NTAMS 0x00000000c2e00000 space 1024K,   0% used [0x00000000c2e00000, 0x00000000c2f00000)
AC   0  F    TS     0 PTAMS 0x00000000c2f00000 NTAMS 0x00000000c2f00000 space 1024K,   0% used [0x00000000c2f00000, 0x00000000c3000000)
AC   0  F    TS     0 PTAMS 0x00000000c3000000 NTAMS 0x00000000c3000000 space 1024K,   0% used [0x00000000c3000000, 0x00000000c3100000)
AC   0  F    TS     0 PTAMS 0x00000000c3100000 NTAMS 0x00000000c3100000 space 1024K,   0% used [0x00000000c3100000, 0x00000000c3200000)
AC   0  F    TS     0 PTAMS 0x00000000c3200000 NTAMS 0x00000000c3200000 space 1024K,   0% used [0x00000000c3200000, 0x00000000c3300000)
AC   0  F    TS     0 PTAMS 0x00000000c3300000 NTAMS 0x00000000c3300000 space 1024K,   0% used [0x00000000c3300000, 0x00000000c3400000)
AC   0  F    TS     0 PTAMS 0x00000000c3400000 NTAMS 0x00000000c3400000 space 1024K,   0% used [0x00000000c3400000, 0x00000000c3500000)
AC   0  F    TS     0 PTAMS 0x00000000c3500000 NTAMS 0x00000000c3500000 space 1024K,   0% used [0x00000000c3500000, 0x00000000c3600000)
AC   0  F    TS     0 PTAMS 0x00000000c3600000 NTAMS 0x00000000c3600000 space 1024K,   0% used [0x00000000c3600000, 0x00000000c3700000)
AC   0  E    TS     0 PTAMS 0x00000000c3700000 NTAMS 0x00000000c3700000 space 1024K,  99% used [0x00000000c3700000, 0x00000000c3800000)
AC   0  E CS TS     0 PTAMS 0x00000000c3800000 NTAMS 0x00000000c3800000 space 1024K, 100% used [0x00000000c3800000, 0x00000000c3900000)
AC   0  E CS TS     0 PTAMS 0x00000000c3900000 NTAMS 0x00000000c3900000 space 1024K, 100% used [0x00000000c3900000, 0x00000000c3a00000)
AC   0  E CS TS     0 PTAMS 0x00000000c3a00000 NTAMS 0x00000000c3a00000 space 1024K, 100% used [0x00000000c3a00000, 0x00000000c3b00000)
AC   0  E CS TS     0 PTAMS 0x00000000c3b00000 NTAMS 0x00000000c3b00000 space 1024K, 100% used [0x00000000c3b00000, 0x00000000c3c00000)
AC   0  E CS TS     0 PTAMS 0x00000000c3c00000 NTAMS 0x00000000c3c00000 space 1024K, 100% used [0x00000000c3c00000, 0x00000000c3d00000)
AC   0  E CS TS     0 PTAMS 0x00000000c3d00000 NTAMS 0x00000000c3d00000 space 1024K, 100% used [0x00000000c3d00000, 0x00000000c3e00000)
AC   0  E CS TS     3 PTAMS 0x00000000c3e00000 NTAMS 0x00000000c3e00000 space 1024K, 100% used [0x00000000c3e00000, 0x00000000c3f00000)
AC   0  E CS TS     0 PTAMS 0x00000000c3f00000 NTAMS 0x00000000c3f00000 space 1024K, 100% used [0x00000000c3f00000, 0x00000000c4000000)

Card table byte_map: [0x0000000013350000,0x0000000013550000] byte_map_base: 0x0000000012d50000

Marking Bits (Prev, Next): (CMBitMap*) 0x0000000002d890a0, (CMBitMap*) 0x0000000002d89048
 Prev Bits: [0x0000000014750000, 0x0000000015750000)
 Next Bits: [0x0000000013750000, 0x0000000014750000)

Polling page: 0x0000000000f00000

CodeCache: size=245760Kb used=9103Kb max_used=9889Kb free=236656Kb
 bounds [0x0000000002e50000, 0x0000000003800000, 0x0000000011e50000]
 total_blobs=3287 nmethods=2818 adapters=380
 compilation: enabled

Compilation events (10 events):
Event: 43.363 Thread 0x0000000018b7f800 3221       4       java.lang.Class::annotationData (44 bytes)
Event: 43.365 Thread 0x0000000018b83800 3247       3       sun.reflect.generics.scope.AbstractScope::<init> (10 bytes)
Event: 43.365 Thread 0x0000000018b83800 nmethod 3247 0x0000000003049490 code [0x0000000003049600, 0x0000000003049810]
Event: 43.365 Thread 0x0000000018b83800 3248       3       sun.reflect.generics.factory.CoreReflectionFactory::make (10 bytes)
Event: 43.366 Thread 0x0000000018b83800 nmethod 3248 0x00000000032498d0 code [0x0000000003249a40, 0x0000000003249d50]
Event: 43.366 Thread 0x0000000018b83800 3249       3       sun.reflect.generics.factory.CoreReflectionFactory::<init> (15 bytes)
Event: 43.366 Thread 0x0000000018b83800 nmethod 3249 0x0000000003249450 code [0x00000000032495c0, 0x0000000003249830]
Event: 43.369 Thread 0x0000000018b83800 3250       3       java.io.FilterOutputStream::<init> (10 bytes)
Event: 43.369 Thread 0x0000000018b83800 nmethod 3250 0x0000000003248f90 code [0x0000000003249100, 0x0000000003249350]
Event: 43.378 Thread 0x0000000018b83800 3252       3       java.lang.invoke.LambdaForm::parameter (52 bytes)

GC Heap History (10 events):
Event: 34.479 GC heap before
{Heap before GC invocations=3 (full 0):
 garbage-first heap   total 65536K, used 46592K [0x00000000c0000000, 0x00000000c0100200, 0x0000000100000000)
  region size 1024K, 33 young (33792K), 3 survivors (3072K)
 Metaspace       used 19413K, capacity 20342K, committed 20608K, reserved 1067008K
  class space    used 2008K, capacity 2318K, committed 2432K, reserved 1048576K
Event: 34.489 GC heap after
Heap after GC invocations=4 (full 0):
 garbage-first heap   total 65536K, used 19456K [0x00000000c0000000, 0x00000000c0100200, 0x0000000100000000)
  region size 1024K, 5 young (5120K), 5 survivors (5120K)
 Metaspace       used 19413K, capacity 20342K, committed 20608K, reserved 1067008K
  class space    used 2008K, capacity 2318K, committed 2432K, reserved 1048576K
}
Event: 35.456 GC heap before
{Heap before GC invocations=4 (full 0):
 garbage-first heap   total 65536K, used 26624K [0x00000000c0000000, 0x00000000c0100200, 0x0000000100000000)
  region size 1024K, 13 young (13312K), 5 survivors (5120K)
 Metaspace       used 20261K, capacity 21160K, committed 21296K, reserved 1069056K
  class space    used 2106K, capacity 2418K, committed 2432K, reserved 1048576K
Event: 35.536 GC heap after
Heap after GC invocations=5 (full 0):
 garbage-first heap   total 65536K, used 19955K [0x00000000c0000000, 0x00000000c0100200, 0x0000000100000000)
  region size 1024K, 5 young (5120K), 5 survivors (5120K)
 Metaspace       used 20261K, capacity 21160K, committed 21296K, reserved 1069056K
  class space    used 2106K, capacity 2418K, committed 2432K, reserved 1048576K
}
Event: 41.019 GC heap before
{Heap before GC invocations=6 (full 0):
 garbage-first heap   total 65536K, used 48627K [0x00000000c0000000, 0x00000000c0100200, 0x0000000100000000)
  region size 1024K, 37 young (37888K), 5 survivors (5120K)
 Metaspace       used 24072K, capacity 25230K, committed 25344K, reserved 1071104K
  class space    used 2618K, capacity 3029K, committed 3072K, reserved 1048576K
Event: 41.035 GC heap after
Heap after GC invocations=7 (full 0):
 garbage-first heap   total 65536K, used 20344K [0x00000000c0000000, 0x00000000c0100200, 0x0000000100000000)
  region size 1024K, 5 young (5120K), 5 survivors (5120K)
 Metaspace       used 24072K, capacity 25230K, committed 25344K, reserved 1071104K
  class space    used 2618K, capacity 3029K, committed 3072K, reserved 1048576K
}
Event: 41.105 GC heap before
{Heap before GC invocations=7 (full 0):
 garbage-first heap   total 65536K, used 21368K [0x00000000c0000000, 0x00000000c0100200, 0x0000000100000000)
  region size 1024K, 6 young (6144K), 5 survivors (5120K)
 Metaspace       used 24113K, capacity 25294K, committed 25600K, reserved 1071104K
  class space    used 2618K, capacity 3029K, committed 3072K, reserved 1048576K
Event: 41.117 GC heap after
Heap after GC invocations=8 (full 0):
 garbage-first heap   total 65536K, used 18432K [0x00000000c0000000, 0x00000000c0100200, 0x0000000100000000)
  region size 1024K, 1 young (1024K), 1 survivors (1024K)
 Metaspace       used 24113K, capacity 25294K, committed 25600K, reserved 1071104K
  class space    used 2618K, capacity 3029K, committed 3072K, reserved 1048576K
}
Event: 43.025 GC heap before
{Heap before GC invocations=8 (full 0):
 garbage-first heap   total 65536K, used 54272K [0x00000000c0000000, 0x00000000c0100200, 0x0000000100000000)
  region size 1024K, 36 young (36864K), 1 survivors (1024K)
 Metaspace       used 27563K, capacity 28952K, committed 29184K, reserved 1075200K
  class space    used 3009K, capacity 3498K, committed 3584K, reserved 1048576K
Event: 43.034 GC heap after
Heap after GC invocations=9 (full 0):
 garbage-first heap   total 65536K, used 27648K [0x00000000c0000000, 0x00000000c0100200, 0x0000000100000000)
  region size 1024K, 5 young (5120K), 5 survivors (5120K)
 Metaspace       used 27563K, capacity 28952K, committed 29184K, reserved 1075200K
  class space    used 3009K, capacity 3498K, committed 3584K, reserved 1048576K
}

Deoptimization events (10 events):
Event: 41.895 Thread 0x0000000019d7d800 Uncommon trap: reason=unstable_if action=reinterpret pc=0x0000000003773ef4 method=java.util.concurrent.locks.ReentrantLock$Sync.nonfairTryAcquire(I)Z @ 34
Event: 41.896 Thread 0x0000000019d7d800 Uncommon trap: reason=unstable_if action=reinterpret pc=0x000000000312e01c method=java.util.concurrent.locks.AbstractQueuedSynchronizer.release(I)Z @ 14
Event: 42.861 Thread 0x0000000019ea6800 Uncommon trap: reason=unstable_if action=reinterpret pc=0x0000000002f6bd44 method=java.util.concurrent.locks.AbstractQueuedSynchronizer.release(I)Z @ 14
Event: 42.863 Thread 0x0000000019d7d800 Uncommon trap: reason=unstable_if action=reinterpret pc=0x000000000326a2b4 method=com.sun.org.apache.xerces.internal.impl.XMLEntityScanner.checkBeforeLoad(Lcom/sun/xml/internal/stream/Entity$ScannedEntity;II)I @ 18
Event: 42.916 Thread 0x0000000019ea6800 Uncommon trap: reason=unstable_if action=reinterpret pc=0x00000000034bec08 method=org.codehaus.plexus.util.xml.pull.MXParser.nextImpl()I @ 269
Event: 43.122 Thread 0x0000000019ea6800 Uncommon trap: reason=unstable_if action=reinterpret pc=0x000000000360ff34 method=org.codehaus.plexus.util.xml.pull.MXParser.parseStartTag()I @ 443
Event: 43.201 Thread 0x0000000019ea6800 Uncommon trap: reason=class_check action=maybe_recompile pc=0x0000000003313a10 method=java.util.AbstractList$Itr.hasNext()Z @ 8
Event: 43.201 Thread 0x0000000019ea6800 Uncommon trap: reason=class_check action=maybe_recompile pc=0x00000000030931c4 method=java.util.AbstractList$Itr.next()Ljava/lang/Object; @ 14
Event: 43.204 Thread 0x0000000019eb9800 Uncommon trap: reason=bimorphic action=maybe_recompile pc=0x00000000033ddbd8 method=java.lang.ThreadLocal.get()Ljava/lang/Object; @ 6
Event: 43.205 Thread 0x0000000019ea6800 Uncommon trap: reason=bimorphic action=maybe_recompile pc=0x00000000033ddbd8 method=java.lang.ThreadLocal.get()Ljava/lang/Object; @ 6

Classes redefined (0 events):
No events

Internal exceptions (10 events):
Event: 33.659 Thread 0x0000000019d7d800 Exception <a 'java/lang/ArrayIndexOutOfBoundsException'> (0x00000000c2a5ce80) thrown at [C:\re\workspace\8-2-build-windows-amd64-cygwin\jdk8u181\11358\hotspot\src\share\vm\runtime\sharedRuntime.cpp, line 605]
Event: 33.664 Thread 0x0000000019d7d800 Exception <a 'java/lang/ArrayIndexOutOfBoundsException'> (0x00000000c2a8c238) thrown at [C:\re\workspace\8-2-build-windows-amd64-cygwin\jdk8u181\11358\hotspot\src\share\vm\runtime\sharedRuntime.cpp, line 605]
Event: 33.746 Thread 0x0000000019d7d800 Exception <a 'java/lang/ArrayIndexOutOfBoundsException'> (0x00000000c2ada328) thrown at [C:\re\workspace\8-2-build-windows-amd64-cygwin\jdk8u181\11358\hotspot\src\share\vm\runtime\sharedRuntime.cpp, line 605]
Event: 34.387 Thread 0x0000000019d7d800 Exception <a 'java/lang/ArrayIndexOutOfBoundsException'> (0x00000000c202b6d8) thrown at [C:\re\workspace\8-2-build-windows-amd64-cygwin\jdk8u181\11358\hotspot\src\share\vm\runtime\sharedRuntime.cpp, line 605]
Event: 34.391 Thread 0x0000000019d7d800 Exception <a 'java/lang/ArrayIndexOutOfBoundsException'> (0x00000000c202d450) thrown at [C:\re\workspace\8-2-build-windows-amd64-cygwin\jdk8u181\11358\hotspot\src\share\vm\runtime\sharedRuntime.cpp, line 605]
Event: 34.478 Thread 0x0000000019d7d800 Exception <a 'java/lang/ArrayIndexOutOfBoundsException': 66> (0x00000000c1ff95f0) thrown at [C:\re\workspace\8-2-build-windows-amd64-cygwin\jdk8u181\11358\hotspot\src\share\vm\interpreter\interpreterRuntime.cpp, line 366]
Event: 41.511 Thread 0x0000000019d7d800 Exception <a 'java/lang/NoClassDefFoundError': com/google/inject/servlet/ServletModuleTargetVisitor> (0x00000000c3140c10) thrown at [C:\re\workspace\8-2-build-windows-amd64-cygwin\jdk8u181\11358\hotspot\src\share\vm\classfile\systemDictionary.cpp, line 19
Event: 41.511 Thread 0x0000000019d7d800 Exception <a 'java/lang/NoClassDefFoundError': javax/annotation/Priority> (0x00000000c31479f8) thrown at [C:\re\workspace\8-2-build-windows-amd64-cygwin\jdk8u181\11358\hotspot\src\share\vm\classfile\systemDictionary.cpp, line 199]
Event: 43.157 Thread 0x0000000002d52800 Exception <a 'java/io/FileNotFoundException'> (0x00000000c3a71db8) thrown at [C:\re\workspace\8-2-build-windows-amd64-cygwin\jdk8u181\11358\hotspot\src\share\vm\prims\jni.cpp, line 709]
Event: 43.212 Thread 0x0000000019eb9800 Exception <a 'java/io/FileNotFoundException'> (0x00000000c399c320) thrown at [C:\re\workspace\8-2-build-windows-amd64-cygwin\jdk8u181\11358\hotspot\src\share\vm\prims\jni.cpp, line 709]

Events (10 events):
Event: 43.260 Executing VM operation: RevokeBias done
Event: 43.263 Thread 0x0000000018b83800 flushing nmethod 0x000000000362e090
Event: 43.283 loading class java/util/stream/Nodes$FixedNodeBuilder
Event: 43.310 loading class java/util/stream/Nodes$ArrayNode
Event: 43.350 Executing VM operation: RevokeBias
Event: 43.352 Executing VM operation: RevokeBias done
Event: 43.353 Executing VM operation: RevokeBias
Event: 43.353 Executing VM operation: RevokeBias done
Event: 43.365 loading class java/util/stream/Nodes$ArrayNode done
Event: 43.365 loading class java/util/stream/Nodes$FixedNodeBuilder done


Dynamic libraries:
0x00007ff7ed2c0000 - 0x00007ff7ed2f7000 	C:\Program Files\Java\jdk1.8.0_181\bin\java.exe
0x00007fffc0840000 - 0x00007fffc0a30000 	C:\WINDOWS\SYSTEM32\ntdll.dll
0x00007fffc0620000 - 0x00007fffc06d2000 	C:\WINDOWS\System32\KERNEL32.DLL
0x00007fffbe3e0000 - 0x00007fffbe683000 	C:\WINDOWS\System32\KERNELBASE.dll
0x00007fffbf220000 - 0x00007fffbf2c3000 	C:\WINDOWS\System32\ADVAPI32.dll
0x00007fffc03e0000 - 0x00007fffc047e000 	C:\WINDOWS\System32\msvcrt.dll
0x00007fffbea80000 - 0x00007fffbeb17000 	C:\WINDOWS\System32\sechost.dll
0x00007fffc06e0000 - 0x00007fffc0800000 	C:\WINDOWS\System32\RPCRT4.dll
0x00007fffc0480000 - 0x00007fffc0614000 	C:\WINDOWS\System32\USER32.dll
0x00007fffbd7d0000 - 0x00007fffbd7f1000 	C:\WINDOWS\System32\win32u.dll
0x00007fffbf2d0000 - 0x00007fffbf2f6000 	C:\WINDOWS\System32\GDI32.dll
0x00007fffbe220000 - 0x00007fffbe3b4000 	C:\WINDOWS\System32\gdi32full.dll
0x00007fffbe690000 - 0x00007fffbe72e000 	C:\WINDOWS\System32\msvcp_win.dll
0x00007fffbd950000 - 0x00007fffbda4a000 	C:\WINDOWS\System32\ucrtbase.dll
0x00007fffa2c00000 - 0x00007fffa2e85000 	C:\WINDOWS\WinSxS\amd64_microsoft.windows.common-controls_6595b64144ccf1df_6.0.18362.476_none_e6c4b11b130f2595\COMCTL32.dll
0x00007fffbeb20000 - 0x00007fffbee56000 	C:\WINDOWS\System32\combase.dll
0x00007fffbe870000 - 0x00007fffbe8f0000 	C:\WINDOWS\System32\bcryptPrimitives.dll
0x00007fffbe960000 - 0x00007fffbe98e000 	C:\WINDOWS\System32\IMM32.DLL
0x0000000062440000 - 0x0000000062512000 	C:\Program Files\Java\jdk1.8.0_181\jre\bin\msvcr100.dll
0x0000000061b90000 - 0x0000000062432000 	C:\Program Files\Java\jdk1.8.0_181\jre\bin\server\jvm.dll
0x00007fffc01e0000 - 0x00007fffc01e8000 	C:\WINDOWS\System32\PSAPI.DLL
0x00007fffb3790000 - 0x00007fffb3799000 	C:\WINDOWS\SYSTEM32\WSOCK32.dll
0x00007fffbac80000 - 0x00007fffbaca4000 	C:\WINDOWS\SYSTEM32\WINMM.dll
0x00007fffbea10000 - 0x00007fffbea7f000 	C:\WINDOWS\System32\WS2_32.dll
0x00007fffbac50000 - 0x00007fffbac7d000 	C:\WINDOWS\SYSTEM32\WINMMBASE.dll
0x00007fffb5550000 - 0x00007fffb555a000 	C:\WINDOWS\SYSTEM32\VERSION.dll
0x00007fffbda50000 - 0x00007fffbda9a000 	C:\WINDOWS\System32\cfgmgr32.dll
0x0000000061b80000 - 0x0000000061b8f000 	C:\Program Files\Java\jdk1.8.0_181\jre\bin\verify.dll
0x0000000061b50000 - 0x0000000061b79000 	C:\Program Files\Java\jdk1.8.0_181\jre\bin\java.dll
0x0000000061b30000 - 0x0000000061b46000 	C:\Program Files\Java\jdk1.8.0_181\jre\bin\zip.dll
0x00007fffbf910000 - 0x00007fffbfff5000 	C:\WINDOWS\System32\SHELL32.dll
0x00007fffbf800000 - 0x00007fffbf8a9000 	C:\WINDOWS\System32\shcore.dll
0x00007fffbdaa0000 - 0x00007fffbe21e000 	C:\WINDOWS\System32\windows.storage.dll
0x00007fffbd740000 - 0x00007fffbd75f000 	C:\WINDOWS\System32\profapi.dll
0x00007fffbd760000 - 0x00007fffbd7aa000 	C:\WINDOWS\System32\powrprof.dll
0x00007fffbd710000 - 0x00007fffbd720000 	C:\WINDOWS\System32\UMPDC.dll
0x00007fffbf8b0000 - 0x00007fffbf902000 	C:\WINDOWS\System32\shlwapi.dll
0x00007fffbd720000 - 0x00007fffbd731000 	C:\WINDOWS\System32\kernel.appcore.dll
0x00007fffbe3c0000 - 0x00007fffbe3d7000 	C:\WINDOWS\System32\cryptsp.dll
0x00007fffbca90000 - 0x00007fffbcac3000 	C:\WINDOWS\system32\rsaenh.dll
0x00007fffbe790000 - 0x00007fffbe7b6000 	C:\WINDOWS\System32\bcrypt.dll
0x00007fffbd630000 - 0x00007fffbd655000 	C:\WINDOWS\SYSTEM32\USERENV.dll
0x00007fffbd0f0000 - 0x00007fffbd0fc000 	C:\WINDOWS\SYSTEM32\CRYPTBASE.dll
0x0000000061b10000 - 0x0000000061b2a000 	C:\Program Files\Java\jdk1.8.0_181\jre\bin\net.dll
0x00007fffbcf20000 - 0x00007fffbcf87000 	C:\WINDOWS\system32\mswsock.dll
0x00007fffbcc30000 - 0x00007fffbcc6a000 	C:\WINDOWS\SYSTEM32\IPHLPAPI.DLL
0x00007fffc0210000 - 0x00007fffc0218000 	C:\WINDOWS\System32\NSI.dll
0x00007fffb02f0000 - 0x00007fffb0306000 	C:\WINDOWS\SYSTEM32\dhcpcsvc6.DLL
0x00007fffb0b50000 - 0x00007fffb0b6c000 	C:\WINDOWS\SYSTEM32\dhcpcsvc.DLL
0x00007fffbcc70000 - 0x00007fffbcd3a000 	C:\WINDOWS\SYSTEM32\DNSAPI.dll
0x0000000061af0000 - 0x0000000061b01000 	C:\Program Files\Java\jdk1.8.0_181\jre\bin\nio.dll
0x00007fffad360000 - 0x00007fffad389000 	C:\Users\encal\.vscode\extensions\redhat.java-0.52.0\server\config_win\org.eclipse.equinox.launcher\org.eclipse.equinox.launcher.win32.win32.x86_64_1.1.1100.v20190907-0426\eclipse_1902.dll

VM Arguments:
jvm_args: -Declipse.application=org.eclipse.jdt.ls.core.id1 -Dosgi.bundles.defaultStartLevel=4 -Declipse.product=org.eclipse.jdt.ls.core.product -Dfile.encoding=utf8 -DwatchParentProcess=false -Xverify:none -Xmx1G -XX:+UseG1GC -XX:+UseStringDeduplication 
java_command: c:\Users\encal\.vscode\extensions\redhat.java-0.52.0\server\plugins\org.eclipse.equinox.launcher_1.5.600.v20191014-2022.jar -configuration c:\Users\encal\.vscode\extensions\redhat.java-0.52.0\server\config_win -data c:\Users\encal\AppData\Roaming\Code\User\workspaceStorage\50b1bf8327ff35b1f84d31302c3a84c8\redhat.java\jdt_ws
java_class_path (initial): c:\Users\encal\.vscode\extensions\redhat.java-0.52.0\server\plugins\org.eclipse.equinox.launcher_1.5.600.v20191014-2022.jar
Launcher Type: SUN_STANDARD

Environment Variables:
JAVA_HOME=C:\Program Files\Java\jdk1.8.0_181
PATH=C:\Program Files (x86)\Common Files\Oracle\Java\javapath;C:\Program Files (x86)\Intel\Intel(R) Management Engine Components\iCLS\;C:\Program Files\Intel\Intel(R) Management Engine Components\iCLS\;C:\WINDOWS\system32;C:\WINDOWS;C:\WINDOWS\System32\Wbem;C:\WINDOWS\System32\WindowsPowerShell\v1.0\;C:\WINDOWS\System32\OpenSSH\;C:\Program Files (x86)\Intel\Intel(R) Management Engine Components\DAL;C:\Program Files\Intel\Intel(R) Management Engine Components\DAL;C:\Program Files (x86)\Intel\Intel(R) Management Engine Components\IPT;C:\Program Files\Intel\Intel(R) Management Engine Components\IPT;C:\Program Files\Git\cmd;C:\Program Files\nodejs\;C:\Program Files\Java\jdk1.8.0_181\bin;C:\maven\apache-maven-3.6.2\bin;C:\Program Files\MySQL\MySQL Shell 8.0\bin\;C:\Users\encal\AppData\Roaming\npm;C:\Users\Administrator\AppData\Roaming\npm\node_modules\angular-cli\bin\ng;;C:\Users\encal\AppData\Local\Programs\Microsoft VS Code\bin;C:\Program Files\JetBrains\IntelliJ IDEA 2019.2.4\bin;
USERNAME=encal
OS=Windows_NT
PROCESSOR_IDENTIFIER=Intel64 Family 6 Model 142 Stepping 9, GenuineIntel



---------------  S Y S T E M  ---------------

OS: Windows 10.0 , 64 bit Build 18362 (10.0.18362.329)

CPU:total 4 (initial active 4) (2 cores per cpu, 2 threads per core) family 6 model 142 stepping 9, cmov, cx8, fxsr, mmx, sse, sse2, sse3, ssse3, sse4.1, sse4.2, popcnt, avx, avx2, aes, clmul, erms, 3dnowpref, lzcnt, ht, tsc, tscinvbit, bmi1, bmi2, adx

Memory: 4k page, physical 4089888k(256676k free), swap 10233888k(4428k free)

vm_info: Java HotSpot(TM) 64-Bit Server VM (25.181-b13) for windows-amd64 JRE (1.8.0_181-b13), built on Jul  7 2018 04:01:33 by "java_re" with MS VC++ 10.0 (VS2010)

time: Fri Nov 22 12:25:54 2019
elapsed time: 43 seconds (0d 0h 0m 43s)

